2024-05-12 19:06:13,155 [INFO] Activator:176 - 


2024-05-12 19:06:13,157 [INFO] Activator:177 - !SESSION log4j initialized
2024-05-12 19:06:15,739 [INFO] LogOutputStream:77 - [STDOUT_REDIRECT] 
2024-05-12 19:06:29,560 [INFO] ApplicationProperties:184 - Using Application install path: C:\ST\STM32CubeIDE_1.14.1\STM32CubeIDE\plugins\com.st.stm32cube.common.mx_6.10.0.202311202037
2024-05-12 19:06:29,580 [INFO] DbMcusXml:78 - Set database path to: C:\ST\STM32CubeIDE_1.14.1\STM32CubeIDE\plugins\com.st.stm32cube.common.mx_6.10.0.202311202037\\db\/mcu/
2024-05-12 19:06:29,580 [INFO] ApiDb:274 - Set plugin database path to: C:\ST\STM32CubeIDE_1.14.1\STM32CubeIDE\plugins\com.st.stm32cube.common.mx_6.10.0.202311202037\\db\/plugins/boardmanager/
2024-05-12 19:06:29,582 [WARN] ApiDb:259 - Overriding images path with different value:  => C:\ST\STM32CubeIDE_1.14.1\STM32CubeIDE\plugins\com.st.stm32cube.common.mx_6.10.0.202311202037\\db\/plugins/mcufinder/images/
2024-05-12 19:06:29,589 [INFO] ApiDb:250 - Set database path to: C:\Users\Techno Shield\.stmcufinder\plugins\mcufinder//mcu/
2024-05-12 19:06:29,590 [INFO] DbMcusAds:125 - Set database path to: C:\Users\Techno Shield\.stmcufinder\plugins\mcufinder//mcu/
2024-05-12 19:06:29,718 [INFO] CrossReferenceDbSqlite:203 - Set database path to: C:\Users\Techno Shield\.stmcufinder\plugins\mcufinder//mcu/cs/
2024-05-12 19:06:29,873 [INFO] RulesReader:64 - Compatibility file has been processed (297 Rules)
2024-05-12 19:06:29,989 [INFO] DbMcusXml:78 - Set database path to: C:\ST\STM32CubeIDE_1.14.1\STM32CubeIDE\plugins\com.st.stm32cube.common.mx_6.10.0.202311202037\\db\/mcu/
2024-05-12 19:06:29,989 [INFO] ApiDb:274 - Set plugin database path to: C:\ST\STM32CubeIDE_1.14.1\STM32CubeIDE\plugins\com.st.stm32cube.common.mx_6.10.0.202311202037\\db\/plugins/boardmanager/
2024-05-12 19:06:29,990 [INFO] ApiDb:261 - Set plugin images path to: C:\ST\STM32CubeIDE_1.14.1\STM32CubeIDE\plugins\com.st.stm32cube.common.mx_6.10.0.202311202037\\db\/plugins/mcufinder/images/
2024-05-12 19:06:29,990 [WARN] DbFile:41 - Overriding database path with different value: C:\Users\Techno Shield\.stmcufinder\plugins\mcufinder/ => C:\Users\Techno Shield\.stmcufinder\plugins\mcufinder
2024-05-12 19:06:29,990 [INFO] ApiDb:250 - Set database path to: C:\Users\Techno Shield\.stmcufinder\plugins\mcufinder//mcu/
2024-05-12 19:06:29,990 [WARN] DbFile:41 - Overriding database path with different value: C:\Users\Techno Shield\.stmcufinder\plugins\mcufinder/ => C:\Users\Techno Shield\.stmcufinder\plugins\mcufinder
2024-05-12 19:06:29,990 [INFO] DbMcusAds:125 - Set database path to: C:\Users\Techno Shield\.stmcufinder\plugins\mcufinder//mcu/
2024-05-12 19:06:29,991 [WARN] DbFile:41 - Overriding database path with different value: C:\Users\Techno Shield\.stmcufinder\plugins\mcufinder/ => C:\Users\Techno Shield\.stmcufinder\plugins\mcufinder
2024-05-12 19:06:29,991 [WARN] DbFile:41 - Overriding database path with different value: C:\Users\Techno Shield\.stmcufinder\plugins\mcufinder/ => C:\Users\Techno Shield\.stmcufinder\plugins\mcufinder
2024-05-12 19:06:29,991 [INFO] CrossReferenceDbSqlite:203 - Set database path to: C:\Users\Techno Shield\.stmcufinder\plugins\mcufinder//mcu/cs/
2024-05-12 19:06:30,074 [INFO] MainPanel:264 - HeapMemory: 268435456
2024-05-12 19:06:30,157 [INFO] DbMcusXml:78 - Set database path to: C:\ST\STM32CubeIDE_1.14.1\STM32CubeIDE\plugins\com.st.stm32cube.common.mx_6.10.0.202311202037\\db\/mcu/
2024-05-12 19:06:30,157 [INFO] ApiDb:274 - Set plugin database path to: C:\ST\STM32CubeIDE_1.14.1\STM32CubeIDE\plugins\com.st.stm32cube.common.mx_6.10.0.202311202037\\db\/plugins/boardmanager/
2024-05-12 19:06:30,157 [INFO] ApiDb:261 - Set plugin images path to: C:\ST\STM32CubeIDE_1.14.1\STM32CubeIDE\plugins\com.st.stm32cube.common.mx_6.10.0.202311202037\\db\/plugins/mcufinder/images/
2024-05-12 19:06:30,157 [WARN] DbFile:41 - Overriding database path with different value: C:\Users\Techno Shield\.stmcufinder\plugins\mcufinder/ => C:\Users\Techno Shield\.stmcufinder\plugins\mcufinder
2024-05-12 19:06:30,157 [INFO] ApiDb:250 - Set database path to: C:\Users\Techno Shield\.stmcufinder\plugins\mcufinder//mcu/
2024-05-12 19:06:30,158 [WARN] DbFile:41 - Overriding database path with different value: C:\Users\Techno Shield\.stmcufinder\plugins\mcufinder/ => C:\Users\Techno Shield\.stmcufinder\plugins\mcufinder
2024-05-12 19:06:30,158 [INFO] DbMcusAds:125 - Set database path to: C:\Users\Techno Shield\.stmcufinder\plugins\mcufinder//mcu/
2024-05-12 19:06:30,158 [WARN] DbFile:41 - Overriding database path with different value: C:\Users\Techno Shield\.stmcufinder\plugins\mcufinder/ => C:\Users\Techno Shield\.stmcufinder\plugins\mcufinder
2024-05-12 19:06:30,158 [WARN] DbFile:41 - Overriding database path with different value: C:\Users\Techno Shield\.stmcufinder\plugins\mcufinder/ => C:\Users\Techno Shield\.stmcufinder\plugins\mcufinder
2024-05-12 19:06:30,158 [INFO] CrossReferenceDbSqlite:203 - Set database path to: C:\Users\Techno Shield\.stmcufinder\plugins\mcufinder//mcu/cs/
2024-05-12 19:06:30,175 [INFO] ApplicationProperties:184 - Using Application install path: C:\ST\STM32CubeIDE_1.14.1\STM32CubeIDE\plugins\com.st.stm32cube.common.mx_6.10.0.202311202037
2024-05-12 19:06:30,177 [INFO] PluginManage:196 - Search for loadable plugins [exclusion list=, ]
2024-05-12 19:06:30,178 [INFO] PluginManage:310 - Check plugin analytics
2024-05-12 19:06:30,396 [INFO] AnalyticsPlugin:253 - Accepted Software Licenses: 
2024-05-12 19:06:30,396 [INFO] AnalyticsPlugin:255 - Accepted CMSIS Pack Licenses: 
2024-05-12 19:06:30,396 [INFO] AnalyticsPlugin:257 - Accepted Firmware Licenses: 
2024-05-12 19:06:30,403 [INFO] PluginManage:359 - Loaded plugin analytics (category:tool,tabindex:-1)
2024-05-12 19:06:30,403 [INFO] PluginManage:310 - Check plugin cadmodel
2024-05-12 19:06:30,408 [INFO] CADModel:105 - Init CAD model plugin
2024-05-12 19:06:30,408 [INFO] PluginManage:359 - Loaded plugin cadmodel (category:power,tabindex:5)
2024-05-12 19:06:30,408 [INFO] PluginManage:310 - Check plugin clock
2024-05-12 19:06:30,422 [INFO] PluginManage:359 - Loaded plugin clock (category:base,tabindex:2)
2024-05-12 19:06:30,422 [INFO] PluginManage:310 - Check plugin ddr
2024-05-12 19:06:30,425 [INFO] PluginManage:359 - Loaded plugin ddr (category:tool,tabindex:6)
2024-05-12 19:06:30,425 [INFO] PluginManage:310 - Check plugin filemanager
2024-05-12 19:06:30,601 [INFO] PluginManage:359 - Loaded plugin filemanager (category:base,tabindex:10)
2024-05-12 19:06:30,602 [INFO] PluginManage:310 - Check plugin ipmanager
2024-05-12 19:06:30,617 [INFO] PluginManage:359 - Loaded plugin ipmanager (category:base,tabindex:5)
2024-05-12 19:06:30,617 [INFO] PluginManage:310 - Check plugin lpbam
2024-05-12 19:06:30,627 [INFO] PluginManage:359 - Loaded plugin lpbam (category:base,tabindex:0)
2024-05-12 19:06:30,627 [INFO] PluginManage:310 - Check plugin memorymap
2024-05-12 19:06:30,644 [INFO] PluginManage:359 - Loaded plugin memorymap (category:base,tabindex:4)
2024-05-12 19:06:30,644 [INFO] PluginManage:310 - Check plugin pinoutandconfiguration
2024-05-12 19:06:30,653 [INFO] PluginManage:359 - Loaded plugin pinoutandconfiguration (category:base,tabindex:1)
2024-05-12 19:06:30,653 [INFO] PluginManage:310 - Check plugin pinoutconfig
2024-05-12 19:06:30,765 [WARN] SupportedApi:132 - Cannot load RTOS API schema: s4s-elt-must-match.1: The content of 'definitions' must match (annotation?, (simpleType | complexType)?, (unique | key | keyref)*)). A problem was found starting at: attribute.
2024-05-12 19:06:30,932 [INFO] PluginManage:359 - Loaded plugin pinoutconfig (category:base,tabindex:0)
2024-05-12 19:06:30,932 [INFO] PluginManage:310 - Check plugin power
2024-05-12 19:06:30,943 [INFO] PluginManage:359 - Loaded plugin power (category:power,tabindex:4)
2024-05-12 19:06:30,943 [INFO] PluginManage:310 - Check plugin projectmanager
2024-05-12 19:06:30,966 [INFO] PluginManage:359 - Loaded plugin projectmanager (category:projectmanager,tabindex:3)
2024-05-12 19:06:30,966 [INFO] PluginManage:310 - Check plugin thirdparty
2024-05-12 19:06:31,115 [INFO] PluginManage:359 - Loaded plugin thirdparty (category:base,tabindex:-1)
2024-05-12 19:06:31,115 [WARN] IntegrityCheckThread:84 - waiting for thirdparty lock release [integrity check]
2024-05-12 19:06:31,115 [INFO] PluginManage:310 - Check plugin tools
2024-05-12 19:06:31,115 [INFO] IntegrityCheckThread:86 - entering critical section [integrity check]
2024-05-12 19:06:31,116 [INFO] ThirdPartyUpdaterWithRetryManager:70 - Updater plugin not ready yet. [1/15]
2024-05-12 19:06:31,118 [INFO] PluginManage:359 - Loaded plugin tools (category:base,tabindex:7)
2024-05-12 19:06:31,119 [INFO] PluginManage:310 - Check plugin tutovideos
2024-05-12 19:06:31,302 [INFO] PluginManage:359 - Loaded plugin tutovideos (category:base,tabindex:-1)
2024-05-12 19:06:31,303 [INFO] PluginManage:310 - Check plugin updater
2024-05-12 19:06:31,317 [INFO] PluginManage:359 - Loaded plugin updater (category:base,tabindex:12)
2024-05-12 19:06:31,317 [INFO] PluginManage:310 - Check plugin userauth
2024-05-12 19:06:31,322 [INFO] UserAuth:114 - Init User Auth plugin
2024-05-12 19:06:31,322 [INFO] PluginManage:359 - Loaded plugin userauth (category:base,tabindex:14)
2024-05-12 19:06:31,323 [INFO] PluginManage:283 - PluginManage : Loaded plugins [17]
2024-05-12 19:06:31,540 [INFO] PinOutPanel:1499 - setPackage(No Configuration,No Configuration)
2024-05-12 19:06:31,619 [INFO] CADModel:165 - CPN selected for project level
2024-05-12 19:06:31,619 [INFO] CADModel:114 - Register for checkConnection events
2024-05-12 19:06:31,638 [INFO] IPUIPlugin:80 - create IPUIPlugin
2024-05-12 19:06:31,638 [INFO] PluginManager:220 - loadIPPluginJar : add adc
2024-05-12 19:06:31,642 [INFO] IPUIPlugin:80 - create IPUIPlugin
2024-05-12 19:06:31,642 [INFO] PluginManager:220 - loadIPPluginJar : add aes
2024-05-12 19:06:31,645 [INFO] IPUIPlugin:80 - create IPUIPlugin
2024-05-12 19:06:31,645 [INFO] PluginManager:220 - loadIPPluginJar : add can
2024-05-12 19:06:31,647 [INFO] IPUIPlugin:80 - create IPUIPlugin
2024-05-12 19:06:31,647 [INFO] PluginManager:220 - loadIPPluginJar : add comp
2024-05-12 19:06:31,650 [INFO] IPUIPlugin:80 - create IPUIPlugin
2024-05-12 19:06:31,650 [INFO] PluginManager:220 - loadIPPluginJar : add cryp
2024-05-12 19:06:31,652 [INFO] IPUIPlugin:80 - create IPUIPlugin
2024-05-12 19:06:31,653 [INFO] PluginManager:220 - loadIPPluginJar : add dfsdm
2024-05-12 19:06:31,658 [INFO] IPUIPlugin:80 - create IPUIPlugin
2024-05-12 19:06:31,658 [INFO] PluginManager:220 - loadIPPluginJar : add dma
2024-05-12 19:06:31,660 [INFO] IPUIPlugin:80 - create IPUIPlugin
2024-05-12 19:06:31,661 [INFO] PluginManager:220 - loadIPPluginJar : add dma3
2024-05-12 19:06:31,662 [INFO] IPUIPlugin:80 - create IPUIPlugin
2024-05-12 19:06:31,662 [INFO] PluginManager:220 - loadIPPluginJar : add fatfs
2024-05-12 19:06:31,667 [INFO] IPUIPlugin:80 - create IPUIPlugin
2024-05-12 19:06:31,667 [INFO] PluginManager:220 - loadIPPluginJar : add fmc
2024-05-12 19:06:31,671 [INFO] IPUIPlugin:80 - create IPUIPlugin
2024-05-12 19:06:31,672 [INFO] PluginManager:220 - loadIPPluginJar : add freertos
2024-05-12 19:06:31,673 [INFO] IPUIPlugin:80 - create IPUIPlugin
2024-05-12 19:06:31,673 [INFO] PluginManager:220 - loadIPPluginJar : add genericplugin
2024-05-12 19:06:31,675 [INFO] IPUIPlugin:80 - create IPUIPlugin
2024-05-12 19:06:31,676 [INFO] PluginManager:220 - loadIPPluginJar : add gfxmmu
2024-05-12 19:06:31,679 [INFO] IPUIPlugin:80 - create IPUIPlugin
2024-05-12 19:06:31,680 [INFO] PluginManager:220 - loadIPPluginJar : add gic
2024-05-12 19:06:31,684 [INFO] IPUIPlugin:80 - create IPUIPlugin
2024-05-12 19:06:31,684 [INFO] PluginManager:220 - loadIPPluginJar : add gpio
2024-05-12 19:06:31,687 [INFO] IPUIPlugin:80 - create IPUIPlugin
2024-05-12 19:06:31,687 [INFO] PluginManager:220 - loadIPPluginJar : add gtzc
2024-05-12 19:06:31,690 [INFO] IPUIPlugin:80 - create IPUIPlugin
2024-05-12 19:06:31,690 [INFO] PluginManager:220 - loadIPPluginJar : add hash
2024-05-12 19:06:31,692 [INFO] IPUIPlugin:80 - create IPUIPlugin
2024-05-12 19:06:31,692 [INFO] PluginManager:220 - loadIPPluginJar : add i2c
2024-05-12 19:06:31,695 [INFO] IPUIPlugin:80 - create IPUIPlugin
2024-05-12 19:06:31,695 [INFO] PluginManager:220 - loadIPPluginJar : add i2s
2024-05-12 19:06:31,698 [INFO] IPUIPlugin:80 - create IPUIPlugin
2024-05-12 19:06:31,699 [INFO] PluginManager:220 - loadIPPluginJar : add i3c
2024-05-12 19:06:31,702 [INFO] IPUIPlugin:80 - create IPUIPlugin
2024-05-12 19:06:31,702 [INFO] PluginManager:220 - loadIPPluginJar : add ipddr
2024-05-12 19:06:31,708 [INFO] IPUIPlugin:80 - create IPUIPlugin
2024-05-12 19:06:31,708 [INFO] PluginManager:220 - loadIPPluginJar : add linkedlist
2024-05-12 19:06:31,711 [INFO] IPUIPlugin:80 - create IPUIPlugin
2024-05-12 19:06:31,711 [INFO] PluginManager:220 - loadIPPluginJar : add lorawan
2024-05-12 19:06:31,713 [INFO] IPUIPlugin:80 - create IPUIPlugin
2024-05-12 19:06:31,713 [INFO] PluginManager:220 - loadIPPluginJar : add ltdc
2024-05-12 19:06:31,719 [INFO] IPUIPlugin:80 - create IPUIPlugin
2024-05-12 19:06:31,719 [INFO] PluginManager:220 - loadIPPluginJar : add mdma
2024-05-12 19:06:31,724 [INFO] IPUIPlugin:80 - create IPUIPlugin
2024-05-12 19:06:31,724 [INFO] PluginManager:220 - loadIPPluginJar : add nvic
2024-05-12 19:06:31,728 [INFO] IPUIPlugin:80 - create IPUIPlugin
2024-05-12 19:06:31,728 [INFO] PluginManager:220 - loadIPPluginJar : add opamp
2024-05-12 19:06:31,732 [INFO] IPUIPlugin:80 - create IPUIPlugin
2024-05-12 19:06:31,732 [INFO] PluginManager:220 - loadIPPluginJar : add openamp
2024-05-12 19:06:31,735 [INFO] IPUIPlugin:80 - create IPUIPlugin
2024-05-12 19:06:31,735 [INFO] PluginManager:220 - loadIPPluginJar : add pdm2pcm
2024-05-12 19:06:31,742 [INFO] IPUIPlugin:80 - create IPUIPlugin
2024-05-12 19:06:31,745 [INFO] PluginManager:220 - loadIPPluginJar : add plateformsettings
2024-05-12 19:06:31,746 [INFO] IPUIPlugin:80 - create IPUIPlugin
2024-05-12 19:06:31,746 [INFO] PluginManager:220 - loadIPPluginJar : add quadspi
2024-05-12 19:06:31,752 [INFO] IPUIPlugin:80 - create IPUIPlugin
2024-05-12 19:06:31,752 [INFO] PluginManager:220 - loadIPPluginJar : add resmgrutility
2024-05-12 19:06:31,755 [INFO] IPUIPlugin:80 - create IPUIPlugin
2024-05-12 19:06:31,755 [INFO] PluginManager:220 - loadIPPluginJar : add sai
2024-05-12 19:06:31,758 [INFO] IPUIPlugin:80 - create IPUIPlugin
2024-05-12 19:06:31,758 [INFO] PluginManager:220 - loadIPPluginJar : add spi
2024-05-12 19:06:31,764 [INFO] IPUIPlugin:80 - create IPUIPlugin
2024-05-12 19:06:31,765 [INFO] PluginManager:220 - loadIPPluginJar : add stm32_wpan
2024-05-12 19:06:31,767 [INFO] IPUIPlugin:80 - create IPUIPlugin
2024-05-12 19:06:31,767 [INFO] PluginManager:220 - loadIPPluginJar : add tim
2024-05-12 19:06:31,770 [INFO] IPUIPlugin:80 - create IPUIPlugin
2024-05-12 19:06:31,770 [INFO] PluginManager:220 - loadIPPluginJar : add touchsensing
2024-05-12 19:06:31,772 [INFO] IPUIPlugin:80 - create IPUIPlugin
2024-05-12 19:06:31,772 [INFO] PluginManager:220 - loadIPPluginJar : add tracer_emb
2024-05-12 19:06:31,774 [INFO] IPUIPlugin:80 - create IPUIPlugin
2024-05-12 19:06:31,774 [INFO] PluginManager:220 - loadIPPluginJar : add ts
2024-05-12 19:06:31,776 [INFO] IPUIPlugin:80 - create IPUIPlugin
2024-05-12 19:06:31,776 [INFO] PluginManager:220 - loadIPPluginJar : add tsc
2024-05-12 19:06:31,777 [INFO] IPUIPlugin:80 - create IPUIPlugin
2024-05-12 19:06:31,777 [INFO] PluginManager:220 - loadIPPluginJar : add ucpd
2024-05-12 19:06:31,780 [INFO] IPUIPlugin:80 - create IPUIPlugin
2024-05-12 19:06:31,780 [INFO] PluginManager:220 - loadIPPluginJar : add usart
2024-05-12 19:06:31,784 [INFO] IPUIPlugin:80 - create IPUIPlugin
2024-05-12 19:06:31,784 [INFO] PluginManager:220 - loadIPPluginJar : add usbx
2024-05-12 19:06:31,917 [INFO] CADModel:165 - CPN selected for project level
2024-05-12 19:06:31,917 [INFO] CADModel:114 - Register for checkConnection events
2024-05-12 19:06:31,917 [FATAL] Updater:308 - Updater called before beeing initialized
2024-05-12 19:06:31,917 [ERROR] CADModel:125 - Updater not yet initialized, retry later 
2024-05-12 19:06:32,054 [INFO] CADModel:165 - CPN selected for project level
2024-05-12 19:06:32,055 [INFO] CADModel:114 - Register for checkConnection events
2024-05-12 19:06:32,055 [FATAL] Updater:308 - Updater called before beeing initialized
2024-05-12 19:06:32,055 [ERROR] CADModel:125 - Updater not yet initialized, retry later 
2024-05-12 19:06:32,057 [FATAL] Updater:308 - Updater called before beeing initialized
2024-05-12 19:06:32,175 [FATAL] Updater:308 - Updater called before beeing initialized
2024-05-12 19:06:32,182 [INFO] DbMcusAds:53 - JSON generation date=Thu May 02 11:37:29 EEST 2024 (1714639049318)
2024-05-12 19:06:32,182 [FATAL] Updater:308 - Updater called before beeing initialized
2024-05-12 19:06:32,220 [WARN] DetailPanel:346 - Failed to get advertising image, set to default
2024-05-12 19:06:32,325 [FATAL] Updater:308 - Updater called before beeing initialized
2024-05-12 19:06:32,327 [FATAL] Updater:308 - Updater called before beeing initialized
2024-05-12 19:06:32,327 [FATAL] Updater:308 - Updater called before beeing initialized
2024-05-12 19:06:32,327 [WARN] DetailPanel:346 - Failed to get advertising image, set to default
2024-05-12 19:06:32,328 [FATAL] Updater:308 - Updater called before beeing initialized
2024-05-12 19:06:32,382 [ERROR] Updater:1120 - MainUpdater not yet initialized. External WinMGr cannot be set.
2024-05-12 19:06:32,383 [INFO] Updater:1056 - Updater Version found : 6.10.0
2024-05-12 19:06:32,401 [INFO] ApplicationProperties:184 - Using Application install path: C:\ST\STM32CubeIDE_1.14.1\STM32CubeIDE\plugins\com.st.stm32cube.common.mx_6.10.0.202311202037
2024-05-12 19:06:33,667 [INFO] McuFinderGlobals:63 - Set McuFinder mode to 2 (CubeIDE integrated)
2024-05-12 19:06:33,973 [ERROR] LogOutputStream:75 - [STDERR_REDIRECT] May 12, 2024 7:06:33 PM java.util.prefs.WindowsPreferences <init>
2024-05-12 19:06:33,976 [ERROR] LogOutputStream:75 - [STDERR_REDIRECT] WARNING: Could not open/create prefs root node Software\JavaSoft\Prefs at root 0xffffffff80000002. Windows RegCreateKeyEx(...) returned error code 5.
2024-05-12 19:06:33,976 [ERROR] LogOutputStream:75 - [STDERR_REDIRECT] 
2024-05-12 19:06:34,126 [INFO] ThirdPartyUpdaterWithRetryManager:70 - Updater plugin not ready yet. [2/15]
2024-05-12 19:06:34,544 [INFO] MainUpdater:2873 - connection check result : 10
2024-05-12 19:06:34,546 [INFO] MainUpdater:290 - Updater Check For Update Now.
2024-05-12 19:06:34,546 [INFO] MicroXplorer:498 - Change Database Version : DB.6.0.100
2024-05-12 19:06:34,554 [INFO] McuFinderGlobals:63 - Set McuFinder mode to 2 (CubeIDE integrated)
2024-05-12 19:06:34,741 [INFO] CheckServerUpdateThread:120 - End of CheckServer Thread
2024-05-12 19:06:34,759 [INFO] MainUpdater:2873 - connection check result : 10
2024-05-12 19:06:34,992 [INFO] UserAuth:404 - Internet connection configuration mode: 1
2024-05-12 19:06:35,016 [INFO] JxBrowserEngine:152 - Initiate JxBrowser Engine with user profile folder
2024-05-12 19:06:35,182 [INFO] ApiDb:581 - Connected to CubeFinder SQLite database (C:\Users\Techno Shield\.stmcufinder\plugins\mcufinder\mcu\cube-finder-db.db)
2024-05-12 19:06:35,282 [INFO] ApiDb:668 - CubeFinder database Data Model version=2.1
2024-05-12 19:06:35,282 [INFO] ApiDb:669 - CubeFinder database Configuration version=3.0.39
2024-05-12 19:06:35,283 [INFO] ApiDb:670 - CubeFinder database generation date=2024-04-15 (1713193726)
2024-05-12 19:06:35,283 [INFO] ApiDb:671 - CubeFinder database FW Pack versions=[FP-ATR-ASTRA1_V2.0.0, FP-SNS-FLIGHT1_V5.0.1, FP-SNS-FLIGHT1_V5.0.2, FP-SNS-MOTENV1_V4.3.1, FP-SNS-MOTENV1_V4.3.2, FP-SNS-MOTENVWB1_V1.3.1, FP-SNS-SMARTAG2_V1.2.0, STM32Cube_FW_C0_V1.1.0, STM32Cube_FW_F4_V1.28.0, STM32Cube_FW_F7_V1.17.0, STM32Cube_FW_G0_V1.6.2, STM32Cube_FW_G4_V1.5.2, STM32Cube_FW_H5_V0.5.1, STM32Cube_FW_H5_V1.1.1, STM32Cube_FW_H5_V1.2.0, STM32Cube_FW_H5_V1.2.0RC4, STM32Cube_FW_H7RS_V1.0.0, STM32Cube_FW_H7RS_V1.0.0RC4, STM32Cube_FW_H7_V1.11.0, STM32Cube_FW_L0_V1.12.2, STM32Cube_FW_L5_V1.5.1, STM32Cube_FW_U0_V1.0.0, STM32Cube_FW_U0_V1.0.0RC1, STM32Cube_FW_U5_V1.3.0RC4, STM32Cube_FW_U5_V1.5.0, STM32Cube_FW_U5_V1.5.0RC1, STM32Cube_FW_WBA_V1.0.0RC1, STM32Cube_FW_WBA_V1.2.0, STM32Cube_FW_WBA_V1.2.0RC2, STM32Cube_FW_WBA_V1.3.0, STM32Cube_FW_WBA_V1.3.0RC1, STM32Cube_FW_WB_V1.15.0RC1, STM32Cube_FW_WB_V1.16.0, STM32Cube_FW_WB_V1.16.0RC2, STM32Cube_FW_WB_V1.18.0, STM32Cube_FW_WB_V1.19.0, STM32Cube_FW_WL_V1.3.0, X-CUBE-ALGOBUILD_V1.3.0, X-CUBE-ALS_V1.0.1, X-CUBE-AZRTOS-F4_V1.1.0, X-CUBE-AZRTOS-F7_V1.1.0, X-CUBE-AZRTOS-G0_V1.1.0, X-CUBE-AZRTOS-G4_V2.0.0, X-CUBE-AZRTOS-H7_V3.2.0, X-CUBE-AZRTOS-L4_V1.0.0, X-CUBE-AZRTOS-L4_V2.0.0, X-CUBE-AZRTOS-L5_V1.1.0, X-CUBE-AZRTOS-WB_V2.0.0, X-CUBE-AZRTOS-WL_V2.0.0, X-CUBE-BLE1_V7.0.0, X-CUBE-BLE2_V3.3.0, X-CUBE-BLEMGR_V3.1.0, X-CUBE-EEPRMA1_V4.1.0, X-CUBE-EEPRMA1_V5.1.0, X-CUBE-FREERTOS_V1.1.0, X-CUBE-GNSS1_V6.0.0, X-CUBE-MEMS1_V10.0.0, X-CUBE-MEMS1_V9.1.0, X-CUBE-MEMS1_V9.4.0, X-CUBE-MEMS1_V9.6.0, X-CUBE-NFC4_V3.0.0, X-CUBE-NFC7_V1.0.1, X-CUBE-SFXS2LP1_V4.0.0, X-CUBE-SUBG2_V5.0.0, X-CUBE-TOF1_V3.4.0]
2024-05-12 19:06:35,401 [INFO] DbBoardsSqlite:226 - include board P-NUCLEO-WB55-NUCLEO as a kit item of type 'Nucleo-64'
2024-05-12 19:06:35,401 [INFO] DbBoardsSqlite:226 - include board P-NUCLEO-WB55-USBDONGLE as a kit item of type 'Nucleo USB Dongle'
2024-05-12 19:06:35,401 [INFO] DbBoardsSqlite:226 - include board STEVAL-IDP005V1 as a kit item of type 'Evaluation Board'
2024-05-12 19:06:35,402 [INFO] DbBoardsSqlite:226 - include board STEVAL-IDP005V2 as a kit item of type 'Evaluation Board'
2024-05-12 19:06:35,518 [INFO] ApiDb:240 - Found 371 in-development CPN: [B-G473E-ZEST1S, B-WB1M-WPAN1, B-WL5M-SUBG1, NUCLEO-C031C6, NUCLEO-H503RB, NUCLEO-H563ZI, NUCLEO-U545RE-Q, NUCLEO-U5A5ZJ-Q, NUCLEO-WBA52CG, NUCLEO-WBA55CG, STEVAL-MKBOXPRO, STEVAL-PROTEUS1, STEVAL-STWINBX1, STM320518-EVAL, STM32C0116-DK, STM32C011D6Y3TR, STM32C011D6Y6TR, STM32C011F4P3, STM32C011F4P6, STM32C011F4U3, STM32C011F4U6TR, STM32C011F6P3, STM32C011F6P6, STM32C011F6U3, STM32C011F6U6TR, STM32C011J4M3, STM32C011J4M6, STM32C011J6M3, STM32C011J6M6, STM32C0316-DK, STM32C031C4T3, STM32C031C4T6, STM32C031C4U3, STM32C031C4U6, STM32C031C6T3, STM32C031C6T6, STM32C031C6U3, STM32C031C6U6, STM32C031F4P3, STM32C031F4P6, STM32C031F6P3, STM32C031F6P6, STM32C031G4U3, STM32C031G4U6, STM32C031G6U3, STM32C031G6U6, STM32C031K4T3, STM32C031K4T6, STM32C031K4U3, STM32C031K4U6, STM32C031K6T3, STM32C031K6T6, STM32C031K6U3, STM32C031K6U6, STM32G071K8TXN, STM32G071K8UXN, STM32G081GBU6N, STM32G081KBT6N, STM32G081KBUXN, STM32G0B1CCT6N, STM32G0B1KCT6, STM32G0B1NEY6TR, STM32G0B1RCT6N, STM32G0C1CCT6, STM32G0C1CCT6N, STM32G0C1CCU6N, STM32G0C1CET6N, STM32G0C1CEU6N, STM32G0C1KCT6, STM32G0C1NEY6TR, STM32G0C1RCI6N, STM32G0C1RCT6N, STM32G0C1REI6N, STM32G0C1RET6N, STM32G0C1VCI6, STM32G0C1VEI6, STM32G471CCT6, STM32G471CCU6, STM32G471CET3, STM32G471CET6, STM32G471CEU3, STM32G471CEU6, STM32G471MCT6, STM32G471MET3, STM32G471MET6, STM32G471MEY6TR, STM32G471QCT6, STM32G471QET3, STM32G471RCT6, STM32G471RET3, STM32G471RET6, STM32G471VCH6, STM32G471VCI6, STM32G471VCT6, STM32G471VEH3, STM32G471VEH6, STM32G471VEI3, STM32G471VEI6, STM32G471VET3, STM32G471VET6, STM32G474CCT6, STM32H503CBT6, STM32H503CBU6, STM32H503EBY6TR, STM32H503KBU6, STM32H503RBT6, STM32H562AGI6, STM32H562AII6, STM32H562IGK6, STM32H562IGT6, STM32H562IIK6, STM32H562IIT6, STM32H562RGT6, STM32H562RGV6, STM32H562RIT6, STM32H562RIV6, STM32H562VGT6, STM32H562VIT6, STM32H562ZGT6, STM32H562ZIT6, STM32H563AGI6, STM32H563AII3Q, STM32H563AII6, STM32H563IGK6, STM32H563IGT6, STM32H563IIK3Q, STM32H563IIK6, STM32H563IIT3Q, STM32H563IIT6, STM32H563MIY3QTR, STM32H563RGT6, STM32H563RGV6, STM32H563RIT6, STM32H563RIV6, STM32H563VGT6, STM32H563VIT3Q, STM32H563VIT6, STM32H563ZGT6, STM32H563ZIT3Q, STM32H563ZIT6, STM32H573AII3Q, STM32H573AII6, STM32H573I-DK, STM32H573IIK3Q, STM32H573IIK6, STM32H573IIT3Q, STM32H573IIT6, STM32H573MIY3QTR, STM32H573RIT6, STM32H573RIV6, STM32H573VIT3Q, STM32H573VIT6, STM32H573ZIT3Q, STM32H573ZIT6, STM32L4R5QGI6STR, STM32MP131AAE3, STM32MP131AAF3, STM32MP131AAG3, STM32MP131CAE3, STM32MP131CAF3, STM32MP131CAG3, STM32MP131DAE7, STM32MP131DAF7, STM32MP131DAG7, STM32MP131FAE7, STM32MP131FAF7, STM32MP131FAG7, STM32MP133AAE3, STM32MP133AAF3, STM32MP133AAG3, STM32MP133CAE3, STM32MP133CAF3, STM32MP133CAG3, STM32MP133DAE7, STM32MP133DAF7, STM32MP133DAG7, STM32MP133FAE7, STM32MP133FAF7, STM32MP133FAG7, STM32MP135AAE3, STM32MP135AAF3, STM32MP135AAG3, STM32MP135CAE3, STM32MP135CAF3, STM32MP135CAG3, STM32MP135DAE7, STM32MP135DAF7, STM32MP135DAG7, STM32MP135F-DK, STM32MP135FAE7, STM32MP135FAF7, STM32MP135FAF7T, STM32MP135FAF7U, STM32MP135FAG7, STM32U535CBT6, STM32U535CBT6Q, STM32U535CBU6, STM32U535CBU6Q, STM32U535CCT6, STM32U535CCT6Q, STM32U535CCU6, STM32U535CCU6Q, STM32U535CET6, STM32U535CET6Q, STM32U535CEU6, STM32U535CEU6Q, STM32U535JEY6QTR, STM32U535NCY6QTR, STM32U535NEY6QTR, STM32U535RBI6, STM32U535RBI6Q, STM32U535RBT6, STM32U535RBT6Q, STM32U535RCI6, STM32U535RCI6Q, STM32U535RCT6, STM32U535RCT6Q, STM32U535REI6, STM32U535REI6Q, STM32U535RET6, STM32U535RET6Q, STM32U535VCI6, STM32U535VCI6Q, STM32U535VCT6, STM32U535VCT6Q, STM32U535VEI6, STM32U535VEI6Q, STM32U535VET6, STM32U535VET6Q, STM32U545CET6, STM32U545CET6Q, STM32U545CEU6, STM32U545CEU6Q, STM32U545JEY6QTR, STM32U545NEY6QTR, STM32U545REI6, STM32U545REI6Q, STM32U545RET6, STM32U545RET6Q, STM32U545VEI6, STM32U545VEI6Q, STM32U545VET6, STM32U545VET6Q, STM32U595AIH6, STM32U595AIH6Q, STM32U595AJH6, STM32U595AJH6Q, STM32U595QII6, STM32U595QII6Q, STM32U595QJI6, STM32U595QJI6Q, STM32U595RIT6, STM32U595RIT6Q, STM32U595RJT6, STM32U595RJT6Q, STM32U595VIT6, STM32U595VIT6Q, STM32U595VJT6, STM32U595VJT6Q, STM32U595ZIT6, STM32U595ZIT6Q, STM32U595ZIY6QTR, STM32U595ZJT6, STM32U595ZJT6Q, STM32U595ZJY6QTR, STM32U599BJY6QTR, STM32U599NIH6Q, STM32U599NJH6Q, STM32U599VIT6Q, STM32U599VJT6, STM32U599VJT6Q, STM32U599ZIT6Q, STM32U599ZIY6QTR, STM32U599ZJT6Q, STM32U599ZJY6QTR, STM32U5A5AJH6, STM32U5A5AJH6Q, STM32U5A5QJI6, STM32U5A5QJI6Q, STM32U5A5RJT6, STM32U5A5RJT6Q, STM32U5A5VJT6, STM32U5A5VJT6Q, STM32U5A5ZJT6, STM32U5A5ZJT6Q, STM32U5A5ZJY6QTR, STM32U5A9BJY6QTR, STM32U5A9J-DK, STM32U5A9NJH6Q, STM32U5A9VJT6Q, STM32U5A9ZJT6Q, STM32U5A9ZJY6QTR, STM32U5F7VIT6, STM32U5F7VIT6Q, STM32U5F7VJT6, STM32U5F7VJT6Q, STM32U5F9BJY6QTR, STM32U5F9NJH6Q, STM32U5F9VIT6Q, STM32U5F9VJT6Q, STM32U5F9ZIJ6QTR, STM32U5F9ZIT6Q, STM32U5F9ZJJ6QTR, STM32U5F9ZJT6Q, STM32U5G7VJT6, STM32U5G7VJT6Q, STM32U5G9BJY6QTR, STM32U5G9J-DK1, STM32U5G9J-DK2, STM32U5G9NJH6Q, STM32U5G9VJT6Q, STM32U5G9ZJJ6QTR, STM32U5G9ZJT6Q, STM32WB1MMCH6, STM32WBA50KEU6, STM32WBA50KEU6TR, STM32WBA50KGU6, STM32WBA50KGU6TR, STM32WBA52CEU6, STM32WBA52CEU6TR, STM32WBA52CEU7, STM32WBA52CEU7TR, STM32WBA52CGU6, STM32WBA52CGU6TR, STM32WBA52CGU6U, STM32WBA52CGU7, STM32WBA52CGU7TR, STM32WBA52KEU6, STM32WBA52KEU6TR, STM32WBA52KGU6, STM32WBA52KGU6TR, STM32WBA54CEU6, STM32WBA54CEU6TR, STM32WBA54CEU7, STM32WBA54CEU7TR, STM32WBA54CGU6, STM32WBA54CGU6TR, STM32WBA54CGU7, STM32WBA54CGU7TR, STM32WBA54KEU6, STM32WBA54KEU6TR, STM32WBA54KEU7, STM32WBA54KEU7TR, STM32WBA54KGU6, STM32WBA54KGU6TR, STM32WBA54KGU7, STM32WBA54KGU7TR, STM32WBA55CEU6, STM32WBA55CEU6TR, STM32WBA55CEU7, STM32WBA55CEU7TR, STM32WBA55CGU6, STM32WBA55CGU6TR, STM32WBA55CGU6U, STM32WBA55CGU7, STM32WBA55CGU7TR, STM32WBA55G-DK1, STM32WBA55HEF6, STM32WBA55HEF7, STM32WBA55HGF6, STM32WBA55HGF7, STM32WBA55UEI6, STM32WBA55UEI6TR, STM32WBA55UEI7, STM32WBA55UEI7TR, STM32WBA55UGI6, STM32WBA55UGI6TR, STM32WBA55UGI7, STM32WBA55UGI7TR, STM32WL5MOCH6, STM32WL5MOCH6TR]
2024-05-12 19:06:35,848 [INFO] WebApp:161 - Instantiating new browser for Auth
2024-05-12 19:06:35,856 [INFO] BoardInfo:889 - No configuration file found for board NUCLEO-H533RE
2024-05-12 19:06:35,857 [INFO] DbBoards:161 - Board is not supported: NUCLEO-H533RE
2024-05-12 19:06:35,924 [INFO] BoardInfo:889 - No configuration file found for board NUCLEO-H7S3L8
2024-05-12 19:06:35,925 [INFO] DbBoards:161 - Board is not supported: NUCLEO-H7S3L8
2024-05-12 19:06:36,021 [INFO] BoardInfo:889 - No configuration file found for board NUCLEO-U031R8
2024-05-12 19:06:36,022 [INFO] DbBoards:161 - Board is not supported: NUCLEO-U031R8
2024-05-12 19:06:36,039 [INFO] BoardInfo:889 - No configuration file found for board NUCLEO-U083RC
2024-05-12 19:06:36,040 [INFO] DbBoards:161 - Board is not supported: NUCLEO-U083RC
2024-05-12 19:06:36,077 [INFO] BoardInfo:889 - No configuration file found for board P-NUCLEO-WB55
2024-05-12 19:06:36,078 [INFO] DbBoards:161 - Kit is not supported: P-NUCLEO-WB55
2024-05-12 19:06:36,109 [INFO] BoardInfo:889 - No configuration file found for board STEVAL-BFA001V1B
2024-05-12 19:06:36,111 [INFO] DbBoards:161 - Kit is not supported: STEVAL-BFA001V1B
2024-05-12 19:06:36,116 [INFO] BoardInfo:889 - No configuration file found for board STEVAL-BFA001V2B
2024-05-12 19:06:36,116 [INFO] DbBoards:161 - Kit is not supported: STEVAL-BFA001V2B
2024-05-12 19:06:36,341 [INFO] BoardInfo:889 - No configuration file found for board STM32H7S78-DK
2024-05-12 19:06:36,341 [INFO] DbBoards:161 - Board is not supported: STM32H7S78-DK
2024-05-12 19:06:36,397 [INFO] BoardInfo:889 - No configuration file found for board STM32U083C-DK
2024-05-12 19:06:36,397 [INFO] DbBoards:161 - Board is not supported: STM32U083C-DK
2024-05-12 19:06:36,419 [INFO] DbBoards:168 - Found 199 boards, 190 are supported
2024-05-12 19:06:36,420 [INFO] DbBoards:169 - Found 199 boards, 3 of them is supported for  Bsp
2024-05-12 19:06:36,427 [INFO] ApiDb:668 - CubeFinder database Data Model version=2.1
2024-05-12 19:06:36,427 [INFO] ApiDb:669 - CubeFinder database Configuration version=3.0.39
2024-05-12 19:06:36,427 [INFO] ApiDb:670 - CubeFinder database generation date=2024-04-15 (1713193726)
2024-05-12 19:06:36,427 [INFO] ApiDb:671 - CubeFinder database FW Pack versions=[FP-ATR-ASTRA1_V2.0.0, FP-SNS-FLIGHT1_V5.0.1, FP-SNS-FLIGHT1_V5.0.2, FP-SNS-MOTENV1_V4.3.1, FP-SNS-MOTENV1_V4.3.2, FP-SNS-MOTENVWB1_V1.3.1, FP-SNS-SMARTAG2_V1.2.0, STM32Cube_FW_C0_V1.1.0, STM32Cube_FW_F4_V1.28.0, STM32Cube_FW_F7_V1.17.0, STM32Cube_FW_G0_V1.6.2, STM32Cube_FW_G4_V1.5.2, STM32Cube_FW_H5_V0.5.1, STM32Cube_FW_H5_V1.1.1, STM32Cube_FW_H5_V1.2.0, STM32Cube_FW_H5_V1.2.0RC4, STM32Cube_FW_H7RS_V1.0.0, STM32Cube_FW_H7RS_V1.0.0RC4, STM32Cube_FW_H7_V1.11.0, STM32Cube_FW_L0_V1.12.2, STM32Cube_FW_L5_V1.5.1, STM32Cube_FW_U0_V1.0.0, STM32Cube_FW_U0_V1.0.0RC1, STM32Cube_FW_U5_V1.3.0RC4, STM32Cube_FW_U5_V1.5.0, STM32Cube_FW_U5_V1.5.0RC1, STM32Cube_FW_WBA_V1.0.0RC1, STM32Cube_FW_WBA_V1.2.0, STM32Cube_FW_WBA_V1.2.0RC2, STM32Cube_FW_WBA_V1.3.0, STM32Cube_FW_WBA_V1.3.0RC1, STM32Cube_FW_WB_V1.15.0RC1, STM32Cube_FW_WB_V1.16.0, STM32Cube_FW_WB_V1.16.0RC2, STM32Cube_FW_WB_V1.18.0, STM32Cube_FW_WB_V1.19.0, STM32Cube_FW_WL_V1.3.0, X-CUBE-ALGOBUILD_V1.3.0, X-CUBE-ALS_V1.0.1, X-CUBE-AZRTOS-F4_V1.1.0, X-CUBE-AZRTOS-F7_V1.1.0, X-CUBE-AZRTOS-G0_V1.1.0, X-CUBE-AZRTOS-G4_V2.0.0, X-CUBE-AZRTOS-H7_V3.2.0, X-CUBE-AZRTOS-L4_V1.0.0, X-CUBE-AZRTOS-L4_V2.0.0, X-CUBE-AZRTOS-L5_V1.1.0, X-CUBE-AZRTOS-WB_V2.0.0, X-CUBE-AZRTOS-WL_V2.0.0, X-CUBE-BLE1_V7.0.0, X-CUBE-BLE2_V3.3.0, X-CUBE-BLEMGR_V3.1.0, X-CUBE-EEPRMA1_V4.1.0, X-CUBE-EEPRMA1_V5.1.0, X-CUBE-FREERTOS_V1.1.0, X-CUBE-GNSS1_V6.0.0, X-CUBE-MEMS1_V10.0.0, X-CUBE-MEMS1_V9.1.0, X-CUBE-MEMS1_V9.4.0, X-CUBE-MEMS1_V9.6.0, X-CUBE-NFC4_V3.0.0, X-CUBE-NFC7_V1.0.1, X-CUBE-SFXS2LP1_V4.0.0, X-CUBE-SUBG2_V5.0.0, X-CUBE-TOF1_V3.4.0]
2024-05-12 19:06:36,753 [INFO] WebApp:780 - Register for checkConnection events
2024-05-12 19:06:36,753 [INFO] WebApp:414 - Apply proxy settings
2024-05-12 19:06:36,753 [INFO] WebApp:499 - Chromium requires no authentication
2024-05-12 19:06:36,761 [INFO] WebApp:442 - Direct internet connection detected
2024-05-12 19:06:36,970 [INFO] WebApp:192 - Starting web application
2024-05-12 19:06:36,970 [INFO] WebApp:544 - Web application path used C:\ST\STM32CubeIDE_1.14.1\STM32CubeIDE\plugins\com.st.stm32cube.common.mx_6.10.0.202311202037\db\plugins\mcufinder\reactClient1\index.html
2024-05-12 19:06:37,351 [WARN] PackLoader:240 - Cannot read IP mode file for STMicroelectronics.FP-SNS-MOTENVWB1.1.4.0
2024-05-12 19:06:37,366 [WARN] PackLoader:240 - Cannot read IP mode file for STMicroelectronics.X-CUBE-SMBUS.2.1.0
2024-05-12 19:06:37,372 [WARN] PackLoader:240 - Cannot read IP mode file for STMicroelectronics.X-CUBE-TOUCHGFX.4.23.2
2024-05-12 19:06:37,414 [WARN] PackLoader:240 - Cannot read IP mode file for STMicroelectronics.X-CUBE-AZRTOS-F7.1.1.0
2024-05-12 19:06:37,428 [WARN] PackLoader:240 - Cannot read IP mode file for STMicroelectronics.X-CUBE-DISPLAY.3.0.0
2024-05-12 19:06:37,455 [WARN] PackLoader:240 - Cannot read IP mode file for STMicroelectronics.X-CUBE-BLE1.7.0.0
2024-05-12 19:06:37,473 [WARN] PackLoader:240 - Cannot read IP mode file for STMicroelectronics.X-CUBE-BLEMGR.3.1.0
2024-05-12 19:06:37,487 [WARN] PackLoader:240 - Cannot read IP mode file for STMicroelectronics.FP-SNS-SMARTAG2.1.2.0
2024-05-12 19:06:37,503 [INFO] LogOutputStream:77 - [STDOUT_REDIRECT] 1 : Invalid condition id : UX_CORESTACK_Condition cause : null
2024-05-12 19:06:37,506 [INFO] LogOutputStream:77 - [STDOUT_REDIRECT] 1 : Invalid condition id : UX_CORESTACK_Condition cause : null
2024-05-12 19:06:37,508 [INFO] LogOutputStream:77 - [STDOUT_REDIRECT] 1 : Invalid condition id : UX_CORESTACK_Condition cause : null
2024-05-12 19:06:37,511 [INFO] LogOutputStream:77 - [STDOUT_REDIRECT] 1 : Invalid condition id : UX_CORESTACK_Condition cause : null
2024-05-12 19:06:37,513 [INFO] LogOutputStream:77 - [STDOUT_REDIRECT] 1 : Invalid condition id : UX_CORESTACK_Condition cause : null
2024-05-12 19:06:37,516 [WARN] PackLoader:240 - Cannot read IP mode file for STMicroelectronics.X-CUBE-AZRTOS-WL.2.0.0
2024-05-12 19:06:37,522 [WARN] PackLoader:240 - Cannot read IP mode file for STMicroelectronics.X-CUBE-BLE2.3.3.0
2024-05-12 19:06:37,531 [WARN] PackLoader:240 - Cannot read IP mode file for STMicroelectronics.X-CUBE-TCPP.4.1.0
2024-05-12 19:06:37,539 [WARN] PackLoader:240 - Cannot read IP mode file for STMicroelectronics.X-CUBE-ALGOBUILD.1.3.0
2024-05-12 19:06:37,556 [WARN] PackLoader:240 - Cannot read IP mode file for STMicroelectronics.X-CUBE-AZRTOS-G0.1.1.0
2024-05-12 19:06:37,567 [WARN] PackLoader:240 - Cannot read IP mode file for STMicroelectronics.X-CUBE-SAFEA1.1.2.2
2024-05-12 19:06:37,574 [WARN] PackLoader:240 - Cannot read IP mode file for STMicroelectronics.X-CUBE-NFC4.3.0.0
2024-05-12 19:06:37,583 [WARN] PackLoader:240 - Cannot read IP mode file for STMicroelectronics.X-CUBE-EEPRMA1.5.1.0
2024-05-12 19:06:37,596 [WARN] PackLoader:240 - Cannot read IP mode file for STMicroelectronics.X-CUBE-ALGOBUILD.1.4.0
2024-05-12 19:06:37,603 [WARN] PackLoader:240 - Cannot read IP mode file for STMicroelectronics.X-CUBE-GNSS1.6.0.0
2024-05-12 19:06:37,624 [WARN] PackLoader:240 - Cannot read IP mode file for STMicroelectronics.X-CUBE-AZRTOS-F4.1.1.0
2024-05-12 19:06:37,636 [WARN] PackLoader:240 - Cannot read IP mode file for STMicroelectronics.X-CUBE-FREERTOS.1.2.0
2024-05-12 19:06:37,658 [WARN] PackLoader:240 - Cannot read IP mode file for STMicroelectronics.X-CUBE-AZRTOS-L5.2.0.0
2024-05-12 19:06:37,672 [WARN] PackLoader:240 - Cannot read IP mode file for STMicroelectronics.X-CUBE-NFC6.3.1.0
2024-05-12 19:06:37,681 [WARN] PackLoader:240 - Cannot read IP mode file for STMicroelectronics.X-CUBE-AI.9.0.0
2024-05-12 19:06:37,687 [WARN] PackLoader:240 - Cannot read IP mode file for STMicroelectronics.X-CUBE-NFC7.1.0.1
2024-05-12 19:06:37,716 [WARN] ConditionMgr:438 - getConditionDescription Invalid condition id : LAN8742 Phy interface Condition cause : null
2024-05-12 19:06:37,717 [WARN] PackLoader:240 - Cannot read IP mode file for STMicroelectronics.X-CUBE-AZRTOS-L4.2.0.0
2024-05-12 19:06:37,718 [WARN] ConditionMgr:1039 - genDependencies : Invalid condition id : LAN8742 Phy interface Condition cause : null
2024-05-12 19:06:37,719 [WARN] ConditionMgr:1039 - genDependencies : Invalid condition id : LAN8742 Phy interface Condition cause : null
2024-05-12 19:06:37,720 [WARN] ConditionMgr:1039 - genDependencies : Invalid condition id : LAN8742 Phy interface Condition cause : null
2024-05-12 19:06:37,730 [WARN] PackLoader:240 - Cannot read IP mode file for STMicroelectronics.X-CUBE-SFXS2LP1.4.0.0
2024-05-12 19:06:37,741 [WARN] ConditionMgr:438 - getConditionDescription Invalid condition id : UX DEVICE CLASS RTOS Condition cause : null
2024-05-12 19:06:37,741 [WARN] ConditionMgr:438 - getConditionDescription Invalid condition id : UX DEVICE CLASS RTOS Condition cause : null
2024-05-12 19:06:37,745 [WARN] PackLoader:240 - Cannot read IP mode file for STMicroelectronics.X-CUBE-AZRTOS-WB.2.0.0
2024-05-12 19:06:37,746 [WARN] ConditionMgr:1039 - genDependencies : Invalid condition id : UX DEVICE CLASS RTOS Condition cause : null
2024-05-12 19:06:37,746 [WARN] ConditionMgr:1039 - genDependencies : Invalid condition id : UX DEVICE CLASS RTOS Condition cause : null
2024-05-12 19:06:37,746 [WARN] ConditionMgr:1039 - genDependencies : Invalid condition id : UX DEVICE CLASS RTOS Condition cause : null
2024-05-12 19:06:37,747 [WARN] ConditionMgr:1039 - genDependencies : Invalid condition id : UX DEVICE CLASS RTOS Condition cause : null
2024-05-12 19:06:37,747 [WARN] ConditionMgr:1039 - genDependencies : Invalid condition id : UX DEVICE CLASS RTOS Condition cause : null
2024-05-12 19:06:37,756 [WARN] PackLoader:240 - Cannot read IP mode file for STMicroelectronics.X-CUBE-SUBG2.5.0.0
2024-05-12 19:06:37,773 [WARN] PackLoader:240 - Cannot read IP mode file for STMicroelectronics.X-CUBE-AZRTOS-G4.2.0.0
2024-05-12 19:06:37,786 [WARN] PackLoader:240 - Cannot read IP mode file for STMicroelectronics.X-CUBE-ISPU.2.0.0
2024-05-12 19:06:37,833 [WARN] PackLoader:240 - Cannot read IP mode file for STMicroelectronics.X-CUBE-MEMS1.10.0.0
2024-05-12 19:06:37,980 [WARN] PackLoader:240 - Cannot read IP mode file for STMicroelectronics.X-CUBE-FREERTOS.1.1.0
2024-05-12 19:06:37,983 [WARN] PackLoader:240 - Cannot read IP mode file for STMicroelectronics.X-CUBE-ALS.1.0.1
2024-05-12 19:06:38,000 [WARN] PackLoader:240 - Cannot read IP mode file for STMicroelectronics.X-CUBE-AZRTOS-H7RS.1.0.0
2024-05-12 19:06:38,011 [WARN] PackLoader:240 - Cannot read IP mode file for STMicroelectronics.X-CUBE-TOF1.3.4.1
2024-05-12 19:06:38,053 [WARN] PackLoader:240 - Cannot read IP mode file for STMicroelectronics.X-CUBE-AZRTOS-H7.3.2.0
2024-05-12 19:06:38,057 [INFO] ThirdParty:978 - Integrity check success = true
2024-05-12 19:06:38,059 [INFO] IntegrityCheckThread:100 - exiting critical section [integrity check]
2024-05-12 19:06:38,059 [INFO] IntegrityCheckThread:103 - End integrity checks thread
2024-05-12 19:06:39,195 [INFO] ApiDb:240 - Found 371 in-development CPN: [B-G473E-ZEST1S, B-WB1M-WPAN1, B-WL5M-SUBG1, NUCLEO-C031C6, NUCLEO-H503RB, NUCLEO-H563ZI, NUCLEO-U545RE-Q, NUCLEO-U5A5ZJ-Q, NUCLEO-WBA52CG, NUCLEO-WBA55CG, STEVAL-MKBOXPRO, STEVAL-PROTEUS1, STEVAL-STWINBX1, STM320518-EVAL, STM32C0116-DK, STM32C011D6Y3TR, STM32C011D6Y6TR, STM32C011F4P3, STM32C011F4P6, STM32C011F4U3, STM32C011F4U6TR, STM32C011F6P3, STM32C011F6P6, STM32C011F6U3, STM32C011F6U6TR, STM32C011J4M3, STM32C011J4M6, STM32C011J6M3, STM32C011J6M6, STM32C0316-DK, STM32C031C4T3, STM32C031C4T6, STM32C031C4U3, STM32C031C4U6, STM32C031C6T3, STM32C031C6T6, STM32C031C6U3, STM32C031C6U6, STM32C031F4P3, STM32C031F4P6, STM32C031F6P3, STM32C031F6P6, STM32C031G4U3, STM32C031G4U6, STM32C031G6U3, STM32C031G6U6, STM32C031K4T3, STM32C031K4T6, STM32C031K4U3, STM32C031K4U6, STM32C031K6T3, STM32C031K6T6, STM32C031K6U3, STM32C031K6U6, STM32G071K8TXN, STM32G071K8UXN, STM32G081GBU6N, STM32G081KBT6N, STM32G081KBUXN, STM32G0B1CCT6N, STM32G0B1KCT6, STM32G0B1NEY6TR, STM32G0B1RCT6N, STM32G0C1CCT6, STM32G0C1CCT6N, STM32G0C1CCU6N, STM32G0C1CET6N, STM32G0C1CEU6N, STM32G0C1KCT6, STM32G0C1NEY6TR, STM32G0C1RCI6N, STM32G0C1RCT6N, STM32G0C1REI6N, STM32G0C1RET6N, STM32G0C1VCI6, STM32G0C1VEI6, STM32G471CCT6, STM32G471CCU6, STM32G471CET3, STM32G471CET6, STM32G471CEU3, STM32G471CEU6, STM32G471MCT6, STM32G471MET3, STM32G471MET6, STM32G471MEY6TR, STM32G471QCT6, STM32G471QET3, STM32G471RCT6, STM32G471RET3, STM32G471RET6, STM32G471VCH6, STM32G471VCI6, STM32G471VCT6, STM32G471VEH3, STM32G471VEH6, STM32G471VEI3, STM32G471VEI6, STM32G471VET3, STM32G471VET6, STM32G474CCT6, STM32H503CBT6, STM32H503CBU6, STM32H503EBY6TR, STM32H503KBU6, STM32H503RBT6, STM32H562AGI6, STM32H562AII6, STM32H562IGK6, STM32H562IGT6, STM32H562IIK6, STM32H562IIT6, STM32H562RGT6, STM32H562RGV6, STM32H562RIT6, STM32H562RIV6, STM32H562VGT6, STM32H562VIT6, STM32H562ZGT6, STM32H562ZIT6, STM32H563AGI6, STM32H563AII3Q, STM32H563AII6, STM32H563IGK6, STM32H563IGT6, STM32H563IIK3Q, STM32H563IIK6, STM32H563IIT3Q, STM32H563IIT6, STM32H563MIY3QTR, STM32H563RGT6, STM32H563RGV6, STM32H563RIT6, STM32H563RIV6, STM32H563VGT6, STM32H563VIT3Q, STM32H563VIT6, STM32H563ZGT6, STM32H563ZIT3Q, STM32H563ZIT6, STM32H573AII3Q, STM32H573AII6, STM32H573I-DK, STM32H573IIK3Q, STM32H573IIK6, STM32H573IIT3Q, STM32H573IIT6, STM32H573MIY3QTR, STM32H573RIT6, STM32H573RIV6, STM32H573VIT3Q, STM32H573VIT6, STM32H573ZIT3Q, STM32H573ZIT6, STM32L4R5QGI6STR, STM32MP131AAE3, STM32MP131AAF3, STM32MP131AAG3, STM32MP131CAE3, STM32MP131CAF3, STM32MP131CAG3, STM32MP131DAE7, STM32MP131DAF7, STM32MP131DAG7, STM32MP131FAE7, STM32MP131FAF7, STM32MP131FAG7, STM32MP133AAE3, STM32MP133AAF3, STM32MP133AAG3, STM32MP133CAE3, STM32MP133CAF3, STM32MP133CAG3, STM32MP133DAE7, STM32MP133DAF7, STM32MP133DAG7, STM32MP133FAE7, STM32MP133FAF7, STM32MP133FAG7, STM32MP135AAE3, STM32MP135AAF3, STM32MP135AAG3, STM32MP135CAE3, STM32MP135CAF3, STM32MP135CAG3, STM32MP135DAE7, STM32MP135DAF7, STM32MP135DAG7, STM32MP135F-DK, STM32MP135FAE7, STM32MP135FAF7, STM32MP135FAF7T, STM32MP135FAF7U, STM32MP135FAG7, STM32U535CBT6, STM32U535CBT6Q, STM32U535CBU6, STM32U535CBU6Q, STM32U535CCT6, STM32U535CCT6Q, STM32U535CCU6, STM32U535CCU6Q, STM32U535CET6, STM32U535CET6Q, STM32U535CEU6, STM32U535CEU6Q, STM32U535JEY6QTR, STM32U535NCY6QTR, STM32U535NEY6QTR, STM32U535RBI6, STM32U535RBI6Q, STM32U535RBT6, STM32U535RBT6Q, STM32U535RCI6, STM32U535RCI6Q, STM32U535RCT6, STM32U535RCT6Q, STM32U535REI6, STM32U535REI6Q, STM32U535RET6, STM32U535RET6Q, STM32U535VCI6, STM32U535VCI6Q, STM32U535VCT6, STM32U535VCT6Q, STM32U535VEI6, STM32U535VEI6Q, STM32U535VET6, STM32U535VET6Q, STM32U545CET6, STM32U545CET6Q, STM32U545CEU6, STM32U545CEU6Q, STM32U545JEY6QTR, STM32U545NEY6QTR, STM32U545REI6, STM32U545REI6Q, STM32U545RET6, STM32U545RET6Q, STM32U545VEI6, STM32U545VEI6Q, STM32U545VET6, STM32U545VET6Q, STM32U595AIH6, STM32U595AIH6Q, STM32U595AJH6, STM32U595AJH6Q, STM32U595QII6, STM32U595QII6Q, STM32U595QJI6, STM32U595QJI6Q, STM32U595RIT6, STM32U595RIT6Q, STM32U595RJT6, STM32U595RJT6Q, STM32U595VIT6, STM32U595VIT6Q, STM32U595VJT6, STM32U595VJT6Q, STM32U595ZIT6, STM32U595ZIT6Q, STM32U595ZIY6QTR, STM32U595ZJT6, STM32U595ZJT6Q, STM32U595ZJY6QTR, STM32U599BJY6QTR, STM32U599NIH6Q, STM32U599NJH6Q, STM32U599VIT6Q, STM32U599VJT6, STM32U599VJT6Q, STM32U599ZIT6Q, STM32U599ZIY6QTR, STM32U599ZJT6Q, STM32U599ZJY6QTR, STM32U5A5AJH6, STM32U5A5AJH6Q, STM32U5A5QJI6, STM32U5A5QJI6Q, STM32U5A5RJT6, STM32U5A5RJT6Q, STM32U5A5VJT6, STM32U5A5VJT6Q, STM32U5A5ZJT6, STM32U5A5ZJT6Q, STM32U5A5ZJY6QTR, STM32U5A9BJY6QTR, STM32U5A9J-DK, STM32U5A9NJH6Q, STM32U5A9VJT6Q, STM32U5A9ZJT6Q, STM32U5A9ZJY6QTR, STM32U5F7VIT6, STM32U5F7VIT6Q, STM32U5F7VJT6, STM32U5F7VJT6Q, STM32U5F9BJY6QTR, STM32U5F9NJH6Q, STM32U5F9VIT6Q, STM32U5F9VJT6Q, STM32U5F9ZIJ6QTR, STM32U5F9ZIT6Q, STM32U5F9ZJJ6QTR, STM32U5F9ZJT6Q, STM32U5G7VJT6, STM32U5G7VJT6Q, STM32U5G9BJY6QTR, STM32U5G9J-DK1, STM32U5G9J-DK2, STM32U5G9NJH6Q, STM32U5G9VJT6Q, STM32U5G9ZJJ6QTR, STM32U5G9ZJT6Q, STM32WB1MMCH6, STM32WBA50KEU6, STM32WBA50KEU6TR, STM32WBA50KGU6, STM32WBA50KGU6TR, STM32WBA52CEU6, STM32WBA52CEU6TR, STM32WBA52CEU7, STM32WBA52CEU7TR, STM32WBA52CGU6, STM32WBA52CGU6TR, STM32WBA52CGU6U, STM32WBA52CGU7, STM32WBA52CGU7TR, STM32WBA52KEU6, STM32WBA52KEU6TR, STM32WBA52KGU6, STM32WBA52KGU6TR, STM32WBA54CEU6, STM32WBA54CEU6TR, STM32WBA54CEU7, STM32WBA54CEU7TR, STM32WBA54CGU6, STM32WBA54CGU6TR, STM32WBA54CGU7, STM32WBA54CGU7TR, STM32WBA54KEU6, STM32WBA54KEU6TR, STM32WBA54KEU7, STM32WBA54KEU7TR, STM32WBA54KGU6, STM32WBA54KGU6TR, STM32WBA54KGU7, STM32WBA54KGU7TR, STM32WBA55CEU6, STM32WBA55CEU6TR, STM32WBA55CEU7, STM32WBA55CEU7TR, STM32WBA55CGU6, STM32WBA55CGU6TR, STM32WBA55CGU6U, STM32WBA55CGU7, STM32WBA55CGU7TR, STM32WBA55G-DK1, STM32WBA55HEF6, STM32WBA55HEF7, STM32WBA55HGF6, STM32WBA55HGF7, STM32WBA55UEI6, STM32WBA55UEI6TR, STM32WBA55UEI7, STM32WBA55UEI7TR, STM32WBA55UGI6, STM32WBA55UGI6TR, STM32WBA55UGI7, STM32WBA55UGI7TR, STM32WL5MOCH6, STM32WL5MOCH6TR]
2024-05-12 19:06:39,201 [INFO] DbMcus:218 - Found 4092 MCUs, 4092 are supported
2024-05-12 19:06:39,202 [INFO] ApiDb:423 - Load user favorites file C:\Users\Techno Shield/.stm32cubeide/favorites.mcus.txt: 0 item(s)
2024-05-12 19:06:39,202 [INFO] ApiDb:427 - User favorites MCUs=[]
2024-05-12 19:06:39,202 [INFO] DbMcus:224 - Set 0 / 0 favorites MCUs
2024-05-12 19:06:39,539 [INFO] ApiDb:423 - Load user favorites file C:\Users\Techno Shield/.stm32cubeide/favorites.boards.txt: 0 item(s)
2024-05-12 19:06:39,539 [INFO] ApiDb:427 - User favorites Boards=[]
2024-05-12 19:06:39,539 [INFO] DbBoards:198 - Set 0 / 0 favorites Boards
2024-05-12 19:06:39,539 [INFO] McuFinderGlobals:76 - Set McuFinderConnectedMode to true
2024-05-12 19:06:39,548 [INFO] MultiScanPanel:200 - Auto-refresh data requested => check proxy status ongoing
2024-05-12 19:06:39,551 [INFO] FinderPluginLoader:95 - Searching for filters in installed packs
2024-05-12 19:06:41,328 [INFO] LoadUrlFilesThread:185 - End of LoadServerUrlFiles without Thread
2024-05-12 19:06:41,385 [INFO] DetailPanel:341 - Set advertising image to C:/Users/Techno Shield/STM32Cube/Repository/\en.prom-stm32h7rs-mcu-finder.png
2024-05-12 19:06:47,954 [ERROR] LogOutputStream:75 - [STDERR_REDIRECT] SLF4J: Failed to load class "org.slf4j.impl.StaticLoggerBinder".
2024-05-12 19:06:47,956 [ERROR] LogOutputStream:75 - [STDERR_REDIRECT] SLF4J: Defaulting to no-operation (NOP) logger implementation
2024-05-12 19:06:47,959 [ERROR] LogOutputStream:75 - [STDERR_REDIRECT] SLF4J: See http://www.slf4j.org/codes.html#StaticLoggerBinder for further details.
2024-05-12 19:07:12,927 [INFO] MainUpdater:2873 - connection check result : 10
2024-05-12 19:07:12,927 [INFO] MainUpdater:2873 - connection check result : 10
2024-05-12 19:07:12,950 [INFO] MicroXplorer:468 - Change Database Path : 
2024-05-12 19:07:12,950 [INFO] MicroXplorer:498 - Change Database Version : DB.6.0.100
2024-05-12 19:07:12,957 [WARN] ThirdParty:871 - waiting for thirdparty lock release [close project]
2024-05-12 19:07:12,958 [INFO] ThirdParty:873 - entering critical section [close project]
2024-05-12 19:07:12,959 [INFO] ThirdParty:883 - exiting critical section [close project]
2024-05-12 19:07:12,962 [INFO] PinOutPanel:1499 - setPackage(No Configuration,No Configuration)
2024-05-12 19:07:12,970 [INFO] UtilMem:75 - Begin LoadConfig() Used Memory: 430970720 Bytes (546308096)
2024-05-12 19:07:12,971 [INFO] MicroXplorer:468 - Change Database Path : 
2024-05-12 19:07:12,971 [INFO] MicroXplorer:498 - Change Database Version : DB.6.0.100
2024-05-12 19:07:12,972 [INFO] OpenFileManager:312 - Change cursor
2024-05-12 19:07:13,057 [INFO] Mcu:2016 - Initializing MCU STM32F103C8Tx STM32F103C8Tx STM32F103C8T6
2024-05-12 19:07:14,350 [INFO] Context:659 - Trying to add GPIOservice into a context  which must be forbidden
2024-05-12 19:07:14,766 [INFO] ImportTextPane:194 - (OptionalMessage_ERROR) Unable to find key (Mcu.ThirdPartyNb) in loaded IOC file
2024-05-12 19:07:14,767 [INFO] ImportTextPane:194 - (OptionalMessage_ERROR) Unable to find key (Mcu.PinsNb) in loaded IOC file
2024-05-12 19:07:14,767 [INFO] ImportTextPane:194 - (OptionalMessage_ERROR) Unable to find key (Mcu.IPNb) in loaded IOC file
2024-05-12 19:07:14,861 [INFO] RtosManager:555 - Registered RTOS mode: class=CMSIS, group=RTOS, mode=CMSIS_V1, owner=FREERTOS
2024-05-12 19:07:14,861 [INFO] RtosManager:555 - Registered RTOS mode: class=CMSIS, group=RTOS2, mode=CMSIS_V2, owner=FREERTOS
2024-05-12 19:07:14,861 [INFO] RtosManager:555 - Registered RTOS mode: class=RTOS, group=Core, mode=CMSIS_V1, owner=FREERTOS
2024-05-12 19:07:14,861 [INFO] RtosManager:555 - Registered RTOS mode: class=RTOS, group=Core, mode=CMSIS_V2, owner=FREERTOS
2024-05-12 19:07:14,862 [WARN] ModelIntegratedComponent:184 - Missing modes for component STMicroelectronics:FreeRTOS:0.0.1:STMicroelectronics:RTOS:FreeRTOS:Core:::10.2.0:
2024-05-12 19:07:14,874 [WARN] ModelIntegratedComponent:63 - No mode defined for component null
2024-05-12 19:07:14,875 [WARN] ModelIntegratedComponent:63 - No mode defined for component null
2024-05-12 19:07:14,875 [WARN] ModelIntegratedComponent:63 - No mode defined for component null
2024-05-12 19:07:14,875 [WARN] ModelIntegratedComponent:63 - No mode defined for component null
2024-05-12 19:07:14,875 [WARN] ModelIntegratedComponent:63 - No mode defined for component null
2024-05-12 19:07:14,875 [WARN] ModelIntegratedComponent:63 - No mode defined for component null
2024-05-12 19:07:14,875 [WARN] ModelIntegratedComponent:63 - No mode defined for component null
2024-05-12 19:07:14,875 [WARN] ModelIntegratedComponent:63 - No mode defined for component null
2024-05-12 19:07:14,875 [WARN] ModelIntegratedComponent:63 - No mode defined for component null
2024-05-12 19:07:14,875 [WARN] ModelIntegratedComponent:63 - No mode defined for component null
2024-05-12 19:07:14,875 [WARN] ModelIntegratedComponent:63 - No mode defined for component null
2024-05-12 19:07:14,875 [WARN] ModelIntegratedComponent:63 - No mode defined for component null
2024-05-12 19:07:14,875 [WARN] ModelIntegratedComponent:63 - No mode defined for component null
2024-05-12 19:07:14,876 [WARN] ModelIntegratedComponent:63 - No mode defined for component null
2024-05-12 19:07:14,876 [WARN] ModelIntegratedComponent:63 - No mode defined for component null
2024-05-12 19:07:14,876 [WARN] ModelIntegratedComponent:63 - No mode defined for component null
2024-05-12 19:07:14,876 [WARN] ModelIntegratedComponent:63 - No mode defined for component null
2024-05-12 19:07:14,876 [WARN] ModelIntegratedComponent:63 - No mode defined for component null
2024-05-12 19:07:14,876 [WARN] ModelIntegratedComponent:63 - No mode defined for component null
2024-05-12 19:07:14,877 [WARN] ModelIntegratedComponent:63 - No mode defined for component null
2024-05-12 19:07:14,877 [WARN] ModelIntegratedComponent:63 - No mode defined for component null
2024-05-12 19:07:14,877 [WARN] ModelIntegratedComponent:63 - No mode defined for component null
2024-05-12 19:07:14,877 [WARN] ModelIntegratedComponent:63 - No mode defined for component null
2024-05-12 19:07:14,877 [WARN] ModelIntegratedComponent:63 - No mode defined for component null
2024-05-12 19:07:14,877 [WARN] ModelIntegratedComponent:63 - No mode defined for component null
2024-05-12 19:07:14,877 [WARN] ModelIntegratedComponent:63 - No mode defined for component null
2024-05-12 19:07:14,877 [WARN] ModelIntegratedComponent:63 - No mode defined for component null
2024-05-12 19:07:14,878 [WARN] ModelIntegratedComponent:63 - No mode defined for component null
2024-05-12 19:07:14,878 [WARN] ModelIntegratedComponent:63 - No mode defined for component null
2024-05-12 19:07:14,878 [WARN] ModelIntegratedComponent:63 - No mode defined for component null
2024-05-12 19:07:14,878 [WARN] ModelIntegratedComponent:63 - No mode defined for component null
2024-05-12 19:07:14,878 [WARN] ModelIntegratedComponent:63 - No mode defined for component null
2024-05-12 19:07:14,878 [WARN] ModelIntegratedComponent:63 - No mode defined for component null
2024-05-12 19:07:15,075 [INFO] ThirdPartyModel:298 - Start build external matchings
2024-05-12 19:07:15,556 [INFO] ThirdPartyModel:316 - End build external matchings
2024-05-12 19:07:15,833 [INFO] UtilMem:75 - End LoadConfig() Used Memory: 261719576 Bytes (576716800)
2024-05-12 19:07:15,858 [INFO] MicroXplorer:468 - Change Database Path : 
2024-05-12 19:07:15,858 [INFO] MicroXplorer:498 - Change Database Version : DB.6.0.100
2024-05-12 19:07:15,859 [WARN] ThirdParty:833 - waiting for thirdparty lock release [change project]
2024-05-12 19:07:15,860 [INFO] ThirdParty:835 - entering critical section [change project]
2024-05-12 19:07:15,861 [INFO] ThirdParty:1030 - CMSIS Pack Vendor :STMicroelectronics USBPD 4.1
2024-05-12 19:07:15,862 [INFO] ThirdParty:1030 - CMSIS Pack Vendor :STMicroelectronics X-CUBE-GNSS1 6.0.0
2024-05-12 19:07:15,862 [INFO] ThirdParty:1030 - CMSIS Pack Vendor :STMicroelectronics USB_HOST 2.0.0
2024-05-12 19:07:15,862 [INFO] ThirdParty:1030 - CMSIS Pack Vendor :STMicroelectronics FP-SNS-MOTENVWB1 1.4.0
2024-05-12 19:07:15,862 [INFO] ThirdParty:1030 - CMSIS Pack Vendor :STMicroelectronics X-CUBE-AZRTOS-F4 1.1.0
2024-05-12 19:07:15,862 [INFO] ThirdParty:1030 - CMSIS Pack Vendor :STMicroelectronics LIBJPEG 8.0.0
2024-05-12 19:07:15,862 [INFO] ThirdParty:1030 - CMSIS Pack Vendor :STMicroelectronics X-CUBE-SMBUS 2.1.0
2024-05-12 19:07:15,863 [INFO] ThirdParty:1030 - CMSIS Pack Vendor :STMicroelectronics USB_DEVICE 3.0.0
2024-05-12 19:07:15,864 [INFO] ThirdParty:1030 - CMSIS Pack Vendor :STMicroelectronics X-CUBE-TCPP 4.1.0
2024-05-12 19:07:15,864 [INFO] ThirdParty:1030 - CMSIS Pack Vendor :STMicroelectronics X-CUBE-FREERTOS 1.2.0
2024-05-12 19:07:15,864 [INFO] ThirdParty:1030 - CMSIS Pack Vendor :STMicroelectronics X-CUBE-AZRTOS-WB 2.0.0
2024-05-12 19:07:15,864 [INFO] ThirdParty:1030 - CMSIS Pack Vendor :STMicroelectronics X-CUBE-TOUCHGFX 4.23.2
2024-05-12 19:07:15,864 [INFO] ThirdParty:1030 - CMSIS Pack Vendor :STMicroelectronics X-CUBE-AZRTOS-F7 1.1.0
2024-05-12 19:07:15,864 [INFO] ThirdParty:1030 - CMSIS Pack Vendor :STMicroelectronics X-CUBE-AZRTOS-L5 2.0.0
2024-05-12 19:07:15,865 [INFO] ThirdParty:1030 - CMSIS Pack Vendor :STMicroelectronics USB_DEVICE 2.0.0
2024-05-12 19:07:15,865 [INFO] ThirdParty:1030 - CMSIS Pack Vendor :STMicroelectronics X-CUBE-NFC6 3.1.0
2024-05-12 19:07:15,865 [INFO] ThirdParty:1030 - CMSIS Pack Vendor :STMicroelectronics X-CUBE-ALGOBUILD 1.3.0
2024-05-12 19:07:15,865 [INFO] ThirdParty:1030 - CMSIS Pack Vendor :STMicroelectronics FreeRTOS 0.0.1
2024-05-12 19:07:15,865 [INFO] ThirdParty:1030 - CMSIS Pack Vendor :STMicroelectronics X-CUBE-AZRTOS-G0 1.1.0
2024-05-12 19:07:15,865 [INFO] ThirdParty:1030 - CMSIS Pack Vendor :STMicroelectronics X-CUBE-SAFEA1 1.2.2
2024-05-12 19:07:15,866 [INFO] ThirdParty:1030 - CMSIS Pack Vendor :STMicroelectronics X-CUBE-NFC4 3.0.0
2024-05-12 19:07:15,866 [INFO] ThirdParty:1030 - CMSIS Pack Vendor :STMicroelectronics X-CUBE-SUBG2 5.0.0
2024-05-12 19:07:15,866 [INFO] ThirdParty:1030 - CMSIS Pack Vendor :STMicroelectronics STM32_WPAN 1.0.0
2024-05-12 19:07:15,866 [INFO] ThirdParty:1030 - CMSIS Pack Vendor :STMicroelectronics lwIP 2.0.3
2024-05-12 19:07:15,866 [INFO] ThirdParty:1030 - CMSIS Pack Vendor :STMicroelectronics USB_HOST 1.0.0
2024-05-12 19:07:15,866 [INFO] ThirdParty:1030 - CMSIS Pack Vendor :STMicroelectronics X-CUBE-AI 9.0.0
2024-05-12 19:07:15,866 [INFO] ThirdParty:1030 - CMSIS Pack Vendor :STMicroelectronics X-CUBE-AZRTOS-G4 2.0.0
2024-05-12 19:07:15,866 [INFO] ThirdParty:1030 - CMSIS Pack Vendor :STMicroelectronics PDM2PCM 3.1.0
2024-05-12 19:07:15,866 [INFO] ThirdParty:1030 - CMSIS Pack Vendor :STMicroelectronics PDM2PCM 3.3.0
2024-05-12 19:07:15,866 [INFO] ThirdParty:1030 - CMSIS Pack Vendor :STMicroelectronics X-CUBE-DISPLAY 3.0.0
2024-05-12 19:07:15,867 [INFO] ThirdParty:1030 - CMSIS Pack Vendor :STMicroelectronics X-CUBE-BLE1 7.0.0
2024-05-12 19:07:15,867 [INFO] ThirdParty:1030 - CMSIS Pack Vendor :STMicroelectronics X-CUBE-ISPU 2.0.0
2024-05-12 19:07:15,867 [INFO] ThirdParty:1030 - CMSIS Pack Vendor :STMicroelectronics X-CUBE-EEPRMA1 5.1.0
2024-05-12 19:07:15,867 [INFO] ThirdParty:1030 - CMSIS Pack Vendor :STMicroelectronics HAL Drivers 0.0.0
2024-05-12 19:07:15,867 [INFO] ThirdParty:1030 - CMSIS Pack Vendor :STMicroelectronics MBEDTLS 2.16.2
2024-05-12 19:07:15,867 [INFO] ThirdParty:1030 - CMSIS Pack Vendor :STMicroelectronics X-CUBE-MEMS1 10.0.0
2024-05-12 19:07:15,867 [INFO] ThirdParty:1030 - CMSIS Pack Vendor :STMicroelectronics X-CUBE-FREERTOS 1.1.0
2024-05-12 19:07:15,867 [INFO] ThirdParty:1030 - CMSIS Pack Vendor :STMicroelectronics X-CUBE-NFC7 1.0.1
2024-05-12 19:07:15,867 [INFO] ThirdParty:1030 - CMSIS Pack Vendor :STMicroelectronics MBEDTLS 2.14.1
2024-05-12 19:07:15,867 [INFO] ThirdParty:1030 - CMSIS Pack Vendor :STMicroelectronics X-CUBE-ALS 1.0.1
2024-05-12 19:07:15,867 [INFO] ThirdParty:1030 - CMSIS Pack Vendor :STMicroelectronics X-CUBE-BLEMGR 3.1.0
2024-05-12 19:07:15,868 [INFO] ThirdParty:1030 - CMSIS Pack Vendor :STMicroelectronics ThreadX 1.0.0
2024-05-12 19:07:15,868 [INFO] ThirdParty:1030 - CMSIS Pack Vendor :STMicroelectronics FP-SNS-SMARTAG2 1.2.0
2024-05-12 19:07:15,868 [INFO] ThirdParty:1030 - CMSIS Pack Vendor :STMicroelectronics X-CUBE-AZRTOS-WL 2.0.0
2024-05-12 19:07:15,868 [INFO] ThirdParty:1030 - CMSIS Pack Vendor :STMicroelectronics X-CUBE-ALGOBUILD 1.4.0
2024-05-12 19:07:15,868 [INFO] ThirdParty:1030 - CMSIS Pack Vendor :STMicroelectronics USB_DEVICE 1.0.0
2024-05-12 19:07:15,868 [INFO] ThirdParty:1030 - CMSIS Pack Vendor :STMicroelectronics X-CUBE-AZRTOS-H7RS 1.0.0
2024-05-12 19:07:15,868 [INFO] ThirdParty:1030 - CMSIS Pack Vendor :STMicroelectronics X-CUBE-AZRTOS-L4 2.0.0
2024-05-12 19:07:15,868 [INFO] ThirdParty:1030 - CMSIS Pack Vendor :STMicroelectronics ThreadX 0.0.2
2024-05-12 19:07:15,868 [INFO] ThirdParty:1030 - CMSIS Pack Vendor :STMicroelectronics lwIP 2.1.2
2024-05-12 19:07:15,868 [INFO] ThirdParty:1030 - CMSIS Pack Vendor :STMicroelectronics X-CUBE-SFXS2LP1 4.0.0
2024-05-12 19:07:15,868 [INFO] ThirdParty:1030 - CMSIS Pack Vendor :STMicroelectronics X-CUBE-BLE2 3.3.0
2024-05-12 19:07:15,868 [INFO] ThirdParty:1030 - CMSIS Pack Vendor :STMicroelectronics X-CUBE-TOF1 3.4.1
2024-05-12 19:07:15,869 [INFO] ThirdParty:1030 - CMSIS Pack Vendor :STMicroelectronics X-CUBE-AZRTOS-H7 3.2.0
2024-05-12 19:07:15,869 [INFO] ThirdParty:1030 - CMSIS Pack Vendor :STMicroelectronics PDM2PCM 3.2.0
2024-05-12 19:07:15,869 [INFO] ThirdParty:841 - exiting critical section [change project]
2024-05-12 19:07:16,201 [INFO] PinOutPanel:1499 - setPackage(No Configuration,No Configuration)
2024-05-12 19:07:16,203 [INFO] PinOutPanel:1499 - setPackage(STM32F103C8Tx,LQFP48)
2024-05-12 19:07:17,075 [INFO] UtilMem:75 - Before build in PCC Used Memory: 350528352 Bytes (576716800)
2024-05-12 19:07:17,973 [INFO] UtilMem:75 - After build in PCC Used Memory: 428027656 Bytes (576716800)
2024-05-12 19:07:18,007 [INFO] IPUIPlugin:80 - create IPUIPlugin
2024-05-12 19:07:18,007 [INFO] IPUIPlugin:80 - create IPUIPlugin
2024-05-12 19:07:18,007 [INFO] IPUIPlugin:80 - create IPUIPlugin
2024-05-12 19:07:18,008 [INFO] IPUIPlugin:80 - create IPUIPlugin
2024-05-12 19:07:18,008 [INFO] IPUIPlugin:80 - create IPUIPlugin
2024-05-12 19:07:18,008 [INFO] IPUIPlugin:80 - create IPUIPlugin
2024-05-12 19:07:18,008 [INFO] IPUIPlugin:80 - create IPUIPlugin
2024-05-12 19:07:18,009 [INFO] IPUIPlugin:80 - create IPUIPlugin
2024-05-12 19:07:18,009 [INFO] IPUIPlugin:80 - create IPUIPlugin
2024-05-12 19:07:18,009 [INFO] IPUIPlugin:80 - create IPUIPlugin
2024-05-12 19:07:18,009 [INFO] IPUIPlugin:80 - create IPUIPlugin
2024-05-12 19:07:18,010 [INFO] IPUIPlugin:80 - create IPUIPlugin
2024-05-12 19:07:18,010 [INFO] IPUIPlugin:80 - create IPUIPlugin
2024-05-12 19:07:18,010 [INFO] IPUIPlugin:80 - create IPUIPlugin
2024-05-12 19:07:18,010 [INFO] IPUIPlugin:80 - create IPUIPlugin
2024-05-12 19:07:18,011 [INFO] IPUIPlugin:80 - create IPUIPlugin
2024-05-12 19:07:18,011 [INFO] IPUIPlugin:80 - create IPUIPlugin
2024-05-12 19:07:18,011 [INFO] IPUIPlugin:80 - create IPUIPlugin
2024-05-12 19:07:18,011 [INFO] IPUIPlugin:80 - create IPUIPlugin
2024-05-12 19:07:18,012 [INFO] IPUIPlugin:80 - create IPUIPlugin
2024-05-12 19:07:18,012 [INFO] IPUIPlugin:80 - create IPUIPlugin
2024-05-12 19:07:18,012 [INFO] IPUIPlugin:80 - create IPUIPlugin
2024-05-12 19:07:18,013 [INFO] IPUIPlugin:80 - create IPUIPlugin
2024-05-12 19:07:18,013 [INFO] IPUIPlugin:80 - create IPUIPlugin
2024-05-12 19:07:18,013 [INFO] IPUIPlugin:80 - create IPUIPlugin
2024-05-12 19:07:18,013 [INFO] IPUIPlugin:80 - create IPUIPlugin
2024-05-12 19:07:18,014 [INFO] IPUIPlugin:80 - create IPUIPlugin
2024-05-12 19:07:18,232 [INFO] CADModel:165 - CPN selected for project levelSTM32F103C8T6
2024-05-12 19:07:18,233 [INFO] CADModel:114 - Register for checkConnection events
2024-05-12 19:07:18,284 [INFO] OpenFileManager:343 - Restore cursor
2024-05-12 19:07:19,216 [INFO] UtilMem:75 - End SaveConfig() Used Memory: 386713496 Bytes (576716800)
2024-05-12 19:07:19,304 [INFO] UtilMem:75 - End SaveConfig() Used Memory: 407064472 Bytes (576716800)
2024-05-12 19:07:19,929 [INFO] BlockDiagram:2759 - set Specific Code input for plugin: NVIC
2024-05-12 19:07:19,930 [INFO] BlockDiagram:2759 - set Specific Code input for plugin: RCC
2024-05-12 19:07:19,942 [INFO] CodeGenerator:807 - code generatio: config db path: C:\ST\STM32CubeIDE_1.14.1\STM32CubeIDE\plugins\com.st.stm32cube.common.mx_6.10.0.202311202037\\db\
2024-05-12 19:07:20,393 [INFO] CodeEngine:255 - oldGeneratedFile, D:\NTI\NTI_project\FOTA-ADAS-Project\FOTA\FOTA_STM32\MXTmpFiles\license.tmp_save
2024-05-12 19:07:20,922 [INFO] CodeEngine:279 - Generated code: D:\NTI\NTI_project\FOTA-ADAS-Project\FOTA\FOTA_STM32\MXTmpFiles\license.tmp
2024-05-12 19:07:20,939 [INFO] CodeEngine:255 - oldGeneratedFile, D:\NTI\NTI_project\FOTA-ADAS-Project\FOTA\FOTA_STM32\Core\Src\stm32f1xx_it.c_save
2024-05-12 19:07:21,109 [INFO] CodeEngine:279 - Generated code: D:\NTI\NTI_project\FOTA-ADAS-Project\FOTA\FOTA_STM32\Core\Src\stm32f1xx_it.c
2024-05-12 19:07:21,113 [INFO] CodeEngine:255 - oldGeneratedFile, D:\NTI\NTI_project\FOTA-ADAS-Project\FOTA\FOTA_STM32\Core\Inc\stm32f1xx_it.h_save
2024-05-12 19:07:21,212 [INFO] CodeEngine:279 - Generated code: D:\NTI\NTI_project\FOTA-ADAS-Project\FOTA\FOTA_STM32\Core\Inc\stm32f1xx_it.h
2024-05-12 19:07:21,349 [INFO] CodeEngine:255 - oldGeneratedFile, D:\NTI\NTI_project\FOTA-ADAS-Project\FOTA\FOTA_STM32\Core\Src\stm32f1xx_hal_msp.c_save
2024-05-12 19:07:21,518 [INFO] CodeEngine:279 - Generated code: D:\NTI\NTI_project\FOTA-ADAS-Project\FOTA\FOTA_STM32\Core\Src\stm32f1xx_hal_msp.c
2024-05-12 19:07:21,524 [INFO] CodeEngine:255 - oldGeneratedFile, D:\NTI\NTI_project\FOTA-ADAS-Project\FOTA\FOTA_STM32\MXTmpFiles\system.tmp_save
2024-05-12 19:07:21,619 [INFO] CodeEngine:279 - Generated code: D:\NTI\NTI_project\FOTA-ADAS-Project\FOTA\FOTA_STM32\MXTmpFiles\system.tmp
2024-05-12 19:07:21,630 [INFO] CodeEngine:311 - oldGeneratedFile, D:\NTI\NTI_project\FOTA-ADAS-Project\FOTA\FOTA_STM32\Core\Inc\stm32f1xx_hal_conf.h_save
2024-05-12 19:07:21,751 [INFO] CodeEngine:335 - Generated code: D:\NTI\NTI_project\FOTA-ADAS-Project\FOTA\FOTA_STM32\Core\Inc\stm32f1xx_hal_conf.h
2024-05-12 19:07:21,795 [INFO] CodeEngine:255 - oldGeneratedFile, D:\NTI\NTI_project\FOTA-ADAS-Project\FOTA\FOTA_STM32\Core\Inc\main.h_save
2024-05-12 19:07:21,917 [INFO] CodeEngine:279 - Generated code: D:\NTI\NTI_project\FOTA-ADAS-Project\FOTA\FOTA_STM32\Core\Inc\main.h
2024-05-12 19:07:21,924 [INFO] CodeEngine:255 - oldGeneratedFile, D:\NTI\NTI_project\FOTA-ADAS-Project\FOTA\FOTA_STM32\Core\Src\main.c_save
2024-05-12 19:07:22,074 [INFO] CodeEngine:279 - Generated code: D:\NTI\NTI_project\FOTA-ADAS-Project\FOTA\FOTA_STM32\Core\Src\main.c
2024-05-12 19:07:23,033 [INFO] ProjectBuilder:3076 - Time for Copy HAL[1] : 180mS.
2024-05-12 19:07:23,042 [INFO] ProjectBuilder:4485 - Project Generator version: 4.2.0-B44
2024-05-12 19:07:23,536 [INFO] ConfigFileManager:1495 - The Die is : DIE410
2024-05-12 19:07:23,565 [INFO] ApiDbMcu:508 - Load IP Config File for FATFS
2024-05-12 19:07:23,625 [INFO] ApiDbMcu:508 - Load IP Config File for FREERTOS
2024-05-12 19:07:23,670 [INFO] ApiDbMcu:508 - Load IP Config File for USB_DEVICE
2024-05-12 19:07:24,726 [INFO] LogOutputStream:77 - [STDOUT_REDIRECT] 
2024-05-12 19:07:28,256 [INFO] ProjectBuilder:4747 - Time for Generating toolchain IDE Files: 5213mS.
2024-05-12 19:07:28,257 [INFO] ProjectBuilder:2947 - Time for Copy CMSIS : 1mS.
2024-05-12 19:07:28,259 [INFO] ProjectBuilder:2947 - Time for Copy CMSIS : 0mS.
2024-05-12 19:07:29,916 [INFO] McuFinderGlobals:76 - Set McuFinderConnectedMode to true
2024-05-12 19:07:29,932 [INFO] ApiDb:448 - Save user favorites file C:\Users\Techno Shield/.stm32cubeide/favorites.mcus.txt: 0 item(s)
2024-05-12 19:07:29,933 [INFO] ApiDb:452 - User favorites MCUs=[]
2024-05-12 19:10:15,959 [INFO] UtilMem:75 - End SaveConfig() Used Memory: 866731784 Bytes (1073741824)
2024-05-12 19:10:17,484 [INFO] UtilMem:75 - End SaveConfig() Used Memory: 884640808 Bytes (1073741824)
2024-05-12 19:10:20,727 [INFO] UtilMem:75 - End SaveConfig() Used Memory: 685902992 Bytes (1073741824)
2024-05-12 19:10:21,128 [INFO] BlockDiagram:2759 - set Specific Code input for plugin: NVIC
2024-05-12 19:10:21,128 [INFO] BlockDiagram:2759 - set Specific Code input for plugin: USART
2024-05-12 19:10:21,128 [INFO] BlockDiagram:2759 - set Specific Code input for plugin: SYS
2024-05-12 19:10:21,129 [INFO] BlockDiagram:2759 - set Specific Code input for plugin: GPIO
2024-05-12 19:10:21,129 [INFO] BlockDiagram:2759 - set Specific Code input for plugin: RCC
2024-05-12 19:10:21,129 [INFO] BlockDiagram:2759 - set Specific Code input for plugin: CRC
2024-05-12 19:10:21,130 [INFO] CodeGenerator:807 - code generatio: config db path: C:\ST\STM32CubeIDE_1.14.1\STM32CubeIDE\plugins\com.st.stm32cube.common.mx_6.10.0.202311202037\\db\
2024-05-12 19:10:21,341 [INFO] CodeEngine:255 - oldGeneratedFile, D:\NTI\NTI_project\FOTA-ADAS-Project\FOTA\FOTA_STM32\MXTmpFiles\license.tmp_save
2024-05-12 19:10:21,442 [INFO] CodeEngine:279 - Generated code: D:\NTI\NTI_project\FOTA-ADAS-Project\FOTA\FOTA_STM32\MXTmpFiles\license.tmp
2024-05-12 19:10:21,499 [INFO] CodeEngine:255 - oldGeneratedFile, D:\NTI\NTI_project\FOTA-ADAS-Project\FOTA\FOTA_STM32\MXTmpFiles\gpio.tmp_save
2024-05-12 19:10:21,600 [INFO] CodeEngine:279 - Generated code: D:\NTI\NTI_project\FOTA-ADAS-Project\FOTA\FOTA_STM32\MXTmpFiles\gpio.tmp
2024-05-12 19:10:21,712 [INFO] CodeEngine:255 - oldGeneratedFile, D:\NTI\NTI_project\FOTA-ADAS-Project\FOTA\FOTA_STM32\Core\Src\stm32f1xx_it.c_save
2024-05-12 19:10:21,828 [INFO] CodeEngine:279 - Generated code: D:\NTI\NTI_project\FOTA-ADAS-Project\FOTA\FOTA_STM32\Core\Src\stm32f1xx_it.c
2024-05-12 19:10:21,835 [INFO] CodeEngine:255 - oldGeneratedFile, D:\NTI\NTI_project\FOTA-ADAS-Project\FOTA\FOTA_STM32\Core\Inc\stm32f1xx_it.h_save
2024-05-12 19:10:21,965 [INFO] CodeEngine:279 - Generated code: D:\NTI\NTI_project\FOTA-ADAS-Project\FOTA\FOTA_STM32\Core\Inc\stm32f1xx_it.h
2024-05-12 19:10:21,991 [INFO] CodeEngine:255 - oldGeneratedFile, D:\NTI\NTI_project\FOTA-ADAS-Project\FOTA\FOTA_STM32\Core\Src\stm32f1xx_hal_msp.c_save
2024-05-12 19:10:22,213 [INFO] CodeEngine:279 - Generated code: D:\NTI\NTI_project\FOTA-ADAS-Project\FOTA\FOTA_STM32\Core\Src\stm32f1xx_hal_msp.c
2024-05-12 19:10:22,220 [INFO] CodeEngine:255 - oldGeneratedFile, D:\NTI\NTI_project\FOTA-ADAS-Project\FOTA\FOTA_STM32\MXTmpFiles\system.tmp_save
2024-05-12 19:10:22,328 [INFO] CodeEngine:279 - Generated code: D:\NTI\NTI_project\FOTA-ADAS-Project\FOTA\FOTA_STM32\MXTmpFiles\system.tmp
2024-05-12 19:10:22,339 [INFO] CodeEngine:311 - oldGeneratedFile, D:\NTI\NTI_project\FOTA-ADAS-Project\FOTA\FOTA_STM32\Core\Inc\stm32f1xx_hal_conf.h_save
2024-05-12 19:10:22,457 [INFO] CodeEngine:335 - Generated code: D:\NTI\NTI_project\FOTA-ADAS-Project\FOTA\FOTA_STM32\Core\Inc\stm32f1xx_hal_conf.h
2024-05-12 19:10:22,493 [INFO] CodeEngine:255 - oldGeneratedFile, D:\NTI\NTI_project\FOTA-ADAS-Project\FOTA\FOTA_STM32\Core\Inc\main.h_save
2024-05-12 19:10:22,561 [INFO] CodeEngine:279 - Generated code: D:\NTI\NTI_project\FOTA-ADAS-Project\FOTA\FOTA_STM32\Core\Inc\main.h
2024-05-12 19:10:22,566 [INFO] CodeEngine:255 - oldGeneratedFile, D:\NTI\NTI_project\FOTA-ADAS-Project\FOTA\FOTA_STM32\Core\Src\main.c_save
2024-05-12 19:10:22,667 [INFO] CodeEngine:279 - Generated code: D:\NTI\NTI_project\FOTA-ADAS-Project\FOTA\FOTA_STM32\Core\Src\main.c
2024-05-12 19:10:23,449 [INFO] ProjectBuilder:3076 - Time for Copy HAL[1] : 195mS.
2024-05-12 19:10:23,453 [INFO] ProjectBuilder:4485 - Project Generator version: 4.2.0-B44
2024-05-12 19:10:23,742 [INFO] ConfigFileManager:1495 - The Die is : DIE410
2024-05-12 19:10:25,491 [INFO] ProjectBuilder:4747 - Time for Generating toolchain IDE Files: 2038mS.
2024-05-12 19:10:25,492 [INFO] ProjectBuilder:2947 - Time for Copy CMSIS : 1mS.
2024-05-12 19:10:25,494 [INFO] ProjectBuilder:2947 - Time for Copy CMSIS : 0mS.
2024-05-12 19:12:12,269 [INFO] UtilMem:75 - End SaveConfig() Used Memory: 923109776 Bytes (1073741824)
2024-05-12 19:12:13,405 [INFO] UtilMem:75 - End SaveConfig() Used Memory: 940330480 Bytes (1073741824)
2024-05-12 19:12:15,642 [INFO] UtilMem:75 - End SaveConfig() Used Memory: 967270520 Bytes (1073741824)
2024-05-12 19:12:15,960 [INFO] BlockDiagram:2759 - set Specific Code input for plugin: NVIC
2024-05-12 19:12:15,960 [INFO] BlockDiagram:2759 - set Specific Code input for plugin: USART
2024-05-12 19:12:15,960 [INFO] BlockDiagram:2759 - set Specific Code input for plugin: SYS
2024-05-12 19:12:15,960 [INFO] BlockDiagram:2759 - set Specific Code input for plugin: GPIO
2024-05-12 19:12:15,960 [INFO] BlockDiagram:2759 - set Specific Code input for plugin: RCC
2024-05-12 19:12:15,960 [INFO] BlockDiagram:2759 - set Specific Code input for plugin: CRC
2024-05-12 19:12:15,961 [INFO] CodeGenerator:807 - code generatio: config db path: C:\ST\STM32CubeIDE_1.14.1\STM32CubeIDE\plugins\com.st.stm32cube.common.mx_6.10.0.202311202037\\db\
2024-05-12 19:12:16,170 [INFO] CodeEngine:255 - oldGeneratedFile, D:\NTI\NTI_project\FOTA-ADAS-Project\FOTA\FOTA_STM32\MXTmpFiles\license.tmp_save
2024-05-12 19:12:16,245 [INFO] CodeEngine:279 - Generated code: D:\NTI\NTI_project\FOTA-ADAS-Project\FOTA\FOTA_STM32\MXTmpFiles\license.tmp
2024-05-12 19:12:16,268 [INFO] CodeEngine:255 - oldGeneratedFile, D:\NTI\NTI_project\FOTA-ADAS-Project\FOTA\FOTA_STM32\Core\Src\gpio.c_save
2024-05-12 19:12:16,360 [INFO] CodeEngine:279 - Generated code: D:\NTI\NTI_project\FOTA-ADAS-Project\FOTA\FOTA_STM32\Core\Src\gpio.c
2024-05-12 19:12:16,366 [INFO] CodeEngine:255 - oldGeneratedFile, D:\NTI\NTI_project\FOTA-ADAS-Project\FOTA\FOTA_STM32\Core\Inc\gpio.h_save
2024-05-12 19:12:16,459 [INFO] CodeEngine:279 - Generated code: D:\NTI\NTI_project\FOTA-ADAS-Project\FOTA\FOTA_STM32\Core\Inc\gpio.h
2024-05-12 19:12:16,549 [INFO] CodeEngine:255 - oldGeneratedFile, D:\NTI\NTI_project\FOTA-ADAS-Project\FOTA\FOTA_STM32\Core\Src\crc.c_save
2024-05-12 19:12:16,702 [INFO] CodeEngine:279 - Generated code: D:\NTI\NTI_project\FOTA-ADAS-Project\FOTA\FOTA_STM32\Core\Src\crc.c
2024-05-12 19:12:16,708 [INFO] CodeEngine:255 - oldGeneratedFile, D:\NTI\NTI_project\FOTA-ADAS-Project\FOTA\FOTA_STM32\Core\Inc\crc.h_save
2024-05-12 19:12:16,802 [INFO] CodeEngine:279 - Generated code: D:\NTI\NTI_project\FOTA-ADAS-Project\FOTA\FOTA_STM32\Core\Inc\crc.h
2024-05-12 19:12:16,812 [INFO] CodeEngine:255 - oldGeneratedFile, D:\NTI\NTI_project\FOTA-ADAS-Project\FOTA\FOTA_STM32\Core\Src\usart.c_save
2024-05-12 19:12:16,922 [INFO] CodeEngine:279 - Generated code: D:\NTI\NTI_project\FOTA-ADAS-Project\FOTA\FOTA_STM32\Core\Src\usart.c
2024-05-12 19:12:16,926 [INFO] CodeEngine:255 - oldGeneratedFile, D:\NTI\NTI_project\FOTA-ADAS-Project\FOTA\FOTA_STM32\Core\Inc\usart.h_save
2024-05-12 19:12:17,008 [INFO] CodeEngine:279 - Generated code: D:\NTI\NTI_project\FOTA-ADAS-Project\FOTA\FOTA_STM32\Core\Inc\usart.h
2024-05-12 19:12:17,021 [INFO] CodeEngine:255 - oldGeneratedFile, D:\NTI\NTI_project\FOTA-ADAS-Project\FOTA\FOTA_STM32\Core\Src\stm32f1xx_it.c_save
2024-05-12 19:12:17,122 [INFO] CodeEngine:279 - Generated code: D:\NTI\NTI_project\FOTA-ADAS-Project\FOTA\FOTA_STM32\Core\Src\stm32f1xx_it.c
2024-05-12 19:12:17,128 [INFO] CodeEngine:255 - oldGeneratedFile, D:\NTI\NTI_project\FOTA-ADAS-Project\FOTA\FOTA_STM32\Core\Inc\stm32f1xx_it.h_save
2024-05-12 19:12:17,216 [INFO] CodeEngine:279 - Generated code: D:\NTI\NTI_project\FOTA-ADAS-Project\FOTA\FOTA_STM32\Core\Inc\stm32f1xx_it.h
2024-05-12 19:12:17,224 [INFO] CodeEngine:255 - oldGeneratedFile, D:\NTI\NTI_project\FOTA-ADAS-Project\FOTA\FOTA_STM32\Core\Src\stm32f1xx_hal_msp.c_save
2024-05-12 19:12:17,324 [INFO] CodeEngine:279 - Generated code: D:\NTI\NTI_project\FOTA-ADAS-Project\FOTA\FOTA_STM32\Core\Src\stm32f1xx_hal_msp.c
2024-05-12 19:12:17,327 [INFO] CodeEngine:255 - oldGeneratedFile, D:\NTI\NTI_project\FOTA-ADAS-Project\FOTA\FOTA_STM32\MXTmpFiles\system.tmp_save
2024-05-12 19:12:17,380 [INFO] CodeEngine:279 - Generated code: D:\NTI\NTI_project\FOTA-ADAS-Project\FOTA\FOTA_STM32\MXTmpFiles\system.tmp
2024-05-12 19:12:17,388 [INFO] CodeEngine:311 - oldGeneratedFile, D:\NTI\NTI_project\FOTA-ADAS-Project\FOTA\FOTA_STM32\Core\Inc\stm32f1xx_hal_conf.h_save
2024-05-12 19:12:17,455 [INFO] CodeEngine:335 - Generated code: D:\NTI\NTI_project\FOTA-ADAS-Project\FOTA\FOTA_STM32\Core\Inc\stm32f1xx_hal_conf.h
2024-05-12 19:12:17,478 [INFO] CodeEngine:255 - oldGeneratedFile, D:\NTI\NTI_project\FOTA-ADAS-Project\FOTA\FOTA_STM32\Core\Inc\main.h_save
2024-05-12 19:12:17,554 [INFO] CodeEngine:279 - Generated code: D:\NTI\NTI_project\FOTA-ADAS-Project\FOTA\FOTA_STM32\Core\Inc\main.h
2024-05-12 19:12:17,558 [INFO] CodeEngine:255 - oldGeneratedFile, D:\NTI\NTI_project\FOTA-ADAS-Project\FOTA\FOTA_STM32\Core\Src\main.c_save
2024-05-12 19:12:17,670 [INFO] CodeEngine:279 - Generated code: D:\NTI\NTI_project\FOTA-ADAS-Project\FOTA\FOTA_STM32\Core\Src\main.c
2024-05-12 19:12:18,265 [INFO] ProjectBuilder:3076 - Time for Copy HAL[1] : 125mS.
2024-05-12 19:12:18,268 [INFO] ProjectBuilder:4485 - Project Generator version: 4.2.0-B44
2024-05-12 19:12:18,643 [INFO] ConfigFileManager:1495 - The Die is : DIE410
2024-05-12 19:12:20,567 [INFO] ProjectBuilder:4747 - Time for Generating toolchain IDE Files: 2298mS.
2024-05-12 19:12:20,568 [INFO] ProjectBuilder:2947 - Time for Copy CMSIS : 1mS.
2024-05-12 19:12:20,570 [INFO] ProjectBuilder:2947 - Time for Copy CMSIS : 0mS.
2024-05-12 19:13:56,704 [ERROR] LogOutputStream:75 - [STDERR_REDIRECT] 
2024-05-12 19:13:56,705 [ERROR] LogOutputStream:75 - [STDERR_REDIRECT] 
